#
# A fatal error has been detected by the Java Runtime Environment:
#
#  SIGSEGV (0xb) at pc=0x0000000112e8c33d, pid=23955, tid=42759
#
# JRE version: 7.0_21-b12
# Java VM: Java HotSpot(TM) 64-Bit Server VM (23.21-b01 mixed mode bsd-amd64 compressed oops)
# Problematic frame:
# C  0x0000000112e8c33d
#
# Failed to write core dump. Core dumps have been disabled. To enable core dumping, try "ulimit -c unlimited" before starting Java again
#
# If you would like to submit a bug report, please visit:
#   http://bugreport.sun.com/bugreport/crash.jsp
# The crash happened outside the Java Virtual Machine in native code.
# See problematic frame for where to report the bug.
#

---------------  T H R E A D  ---------------

Current thread (0x00007f9afc8b0000):  JavaThread "Java2D Queue Flusher" daemon [_thread_in_native, id=42759, stack(0x0000000110e32000,0x0000000110f32000)]

siginfo:si_signo=SIGSEGV: si_errno=0, si_code=1 (SEGV_MAPERR), si_addr=0x000000011b781000

Registers:
RAX=0x000000003ec2c2c4, RBX=0x000000003eaaaaab, RCX=0x000000003f800000, RDX=0x0000000000000001
RSP=0x0000000110f30bc8, RBP=0x0000000110f30c20, RSI=0x0000000000002c00, RDI=0x0000000000000001
R8 =0x000000011b781000, R9 =0x0000000000000000, R10=0x0000000000000000, R11=0x0000000000000001
R12=0x000000003f800000, R13=0x000000011b781000, R14=0x000000003ec6c6c8, R15=0x0000000000000000
RIP=0x0000000112e8c33d, EFLAGS=0x0000000000010206, ERR=0x0000000000000006
  TRAPNO=0x000000000000000e

Top of Stack: (sp=0x0000000110f30bc8)
0x0000000110f30bc8:   3f800000bf81b4e8 0000000110f30c38
0x0000000110f30bd8:   3f800000c3940000 0000000000000000
0x0000000110f30be8:   0000000000000000 0000000107027200
0x0000000110f30bf8:   0000000000000000 0000000110f30d40
0x0000000110f30c08:   00007fff72bca640 0000000107e02380
0x0000000110f30c18:   0000000000000001 0000000110f30c80
0x0000000110f30c28:   00007fff82dfdd73 0000000000000003
0x0000000110f30c38:   00000007f30d1d48 000000011b448000
0x0000000110f30c48:   0000000600000640 00002c0000000016
0x0000000110f30c58:   0000000a00000004 0000000000000002
0x0000000110f30c68:   000001907fffffff 000000000000012c
0x0000000110f30c78:   0000000000000000 0000000110f30ca0
0x0000000110f30c88:   00007fff84bb18f8 0000000110f30d40
0x0000000110f30c98:   0000000000000000 0000000110f30cd0
0x0000000110f30ca8:   00007fff84bb1cca 00007fff72bca640
0x0000000110f30cb8:   0000000000000001 0000000000000000
0x0000000110f30cc8:   0000000000000001 0000000110f30cf0
0x0000000110f30cd8:   00007fff84baa2ad 0000000110f30d40
0x0000000110f30ce8:   00007fff72bca640 0000000110f30d10
0x0000000110f30cf8:   00007fff84bb13cf 0000000000000001
0x0000000110f30d08:   0000000110f30f48 0000000110f30da0
0x0000000110f30d18:   00007fff84bb162a 0000da000000da00
0x0000000110f30d28:   00007f9afb632570 0000000000000002
0x0000000110f30d38:   0000000110f30e60 0000000000000000
0x0000000110f30d48:   0000000000000000 0000000000000000
0x0000000110f30d58:   00007fff82dfdd08 0000000110f30dd0
0x0000000110f30d68:   0000000000000000 0000000000000000
0x0000000110f30d78:   000000000000012c 0000000000000000
0x0000000110f30d88:   0000000000080000 0000000110f30f48
0x0000000110f30d98:   0000000000000000 0000000110f30eb0
0x0000000110f30da8:   00007fff82dfdba7 0000000000000000
0x0000000110f30db8:   0580000000000000 000012000000a000 

Instructions: (pc=0x0000000112e8c33d)
0x0000000112e8c31d:   41 0f af f0 4c 63 ee 4c 89 c6 49 01 fd 4c 03 6d
0x0000000112e8c32d:   80 44 89 df 4d 89 e8 e9 04 00 00 00 49 83 c0 10
0x0000000112e8c33d:   45 89 30 41 89 40 04 41 89 58 08 41 89 48 0c ff
0x0000000112e8c34d:   cf 0f 85 e5 ff ff ff 49 01 f5 41 ff c7 41 39 d7 

Register to memory mapping:

RAX=0x000000003ec2c2c4 is an unknown value
RBX=0x000000003eaaaaab is an unknown value
RCX=0x000000003f800000 is an unknown value
RDX=0x0000000000000001 is an unknown value
RSP=0x0000000110f30bc8 is pointing into the stack for thread: 0x00007f9afc8b0000
RBP=0x0000000110f30c20 is pointing into the stack for thread: 0x00007f9afc8b0000
RSI=0x0000000000002c00 is an unknown value
RDI=0x0000000000000001 is an unknown value
R8 =0x000000011b781000 is an unknown value
R9 =0x0000000000000000 is an unknown value
R10=0x0000000000000000 is an unknown value
R11=0x0000000000000001 is an unknown value
R12=0x000000003f800000 is an unknown value
R13=0x000000011b781000 is an unknown value
R14=0x000000003ec6c6c8 is an unknown value
R15=0x0000000000000000 is an unknown value


Stack: [0x0000000110e32000,0x0000000110f32000],  sp=0x0000000110f30bc8,  free space=1018k
Native frames: (J=compiled Java code, j=interpreted, Vv=VM code, C=native code)
C  0x0000000112e8c33d
C  [libGLImage.dylib+0x8d73]  __glgProcessPixelsWithProcessor_block_invoke+0x6b
C  [libdispatch.dylib+0x88f8]  _dispatch_client_callout2+0x8
C  [libdispatch.dylib+0x8cca]  _dispatch_apply_serial+0x2a
C  [libdispatch.dylib+0x12ad]  _dispatch_client_callout+0x8
C  [libdispatch.dylib+0x83cf]  _dispatch_sync_f_invoke+0x27
C  [libdispatch.dylib+0x862a]  dispatch_apply_f+0x10b
C  [libGLImage.dylib+0x8ba7]  glgProcessPixelsWithProcessor+0x14c1
C  [AMDRadeonX3000GLDriver+0x1e79a6]  gldPresentFramebufferData+0x21985
C  [AMDRadeonX3000GLDriver+0x21cb78]  gldBlitFramebufferData+0x1e7f0
C  [GLEngine+0x1b92a]  gleDrawPixelsFast+0x2ff9
C  [GLEngine+0x188d4]  glDrawPixels_Exec+0x1c8
C  [liblwawt.dylib+0x2fa7]  OGLBlitLoops_Blit+0x6c2
C  [liblwawt.dylib+0x77f9]  Java_sun_java2d_opengl_OGLRenderQueue_flushBuffer+0x3d1
j  sun.java2d.opengl.OGLRenderQueue.flushBuffer(JI)V+0
j  sun.java2d.opengl.OGLRenderQueue.flushBuffer()V+21
j  sun.java2d.opengl.OGLRenderQueue.access$100(Lsun/java2d/opengl/OGLRenderQueue;)V+1
j  sun.java2d.opengl.OGLRenderQueue$QueueFlusher.run()V+81
v  ~StubRoutines::call_stub
V  [libjvm.dylib+0x288abb]
V  [libjvm.dylib+0x288f98]
V  [libjvm.dylib+0x2890d2]
V  [libjvm.dylib+0x2bfa4c]
V  [libjvm.dylib+0x479af4]
V  [libjvm.dylib+0x47afda]
V  [libjvm.dylib+0x3b688d]
C  [libsystem_pthread.dylib+0x1899]  _pthread_body+0x8a
C  [libsystem_pthread.dylib+0x172a]  _pthread_struct_init+0x0
C  [libsystem_pthread.dylib+0x5fc9]  thread_start+0xd

Java frames: (J=compiled Java code, j=interpreted, Vv=VM code)
j  sun.java2d.opengl.OGLRenderQueue.flushBuffer(JI)V+0
j  sun.java2d.opengl.OGLRenderQueue.flushBuffer()V+21
j  sun.java2d.opengl.OGLRenderQueue.access$100(Lsun/java2d/opengl/OGLRenderQueue;)V+1
j  sun.java2d.opengl.OGLRenderQueue$QueueFlusher.run()V+81
v  ~StubRoutines::call_stub

---------------  P R O C E S S  ---------------

Java Threads: ( => current thread )
  0x00007f9af9a31800 JavaThread "SwingWorker-pool-1-thread-2" daemon [_thread_blocked, id=59919, stack(0x000000011a348000,0x000000011a448000)]
  0x00007f9af9922800 JavaThread "Image Fetcher 3" daemon [_thread_blocked, id=59395, stack(0x000000011a1b3000,0x000000011a2b3000)]
  0x00007f9af98f3000 JavaThread "Image Fetcher 2" daemon [_thread_blocked, id=59139, stack(0x000000011a0b0000,0x000000011a1b0000)]
  0x00007f9afa9bc000 JavaThread "Image Fetcher 1" daemon [_thread_in_native, id=58883, stack(0x0000000119fad000,0x000000011a0ad000)]
  0x00007f9afac91800 JavaThread "Image Fetcher 0" daemon [_thread_blocked, id=58627, stack(0x0000000119eaa000,0x0000000119faa000)]
  0x00007f9afc013000 JavaThread "Keep-Alive-Timer" daemon [_thread_blocked, id=50439, stack(0x00000001180da000,0x00000001181da000)]
  0x00007f9afb97a800 JavaThread "SwingWorker-pool-1-thread-1" daemon [_thread_blocked, id=50191, stack(0x0000000117ed1000,0x0000000117fd1000)]
  0x00007f9afb8be800 JavaThread "Timer-0" daemon [_thread_blocked, id=49927, stack(0x00000001129d8000,0x0000000112ad8000)]
  0x00007f9afa801000 JavaThread "DestroyJavaVM" [_thread_blocked, id=5891, stack(0x0000000108caa000,0x0000000108daa000)]
  0x00007f9afa8ed000 JavaThread "AWT-EventQueue-0" [_thread_blocked, id=45315, stack(0x0000000111609000,0x0000000111709000)]
  0x00007f9afa8ef800 JavaThread "TimerQueue" daemon [_thread_blocked, id=45059, stack(0x0000000111506000,0x0000000111606000)]
  0x00007f9afc903000 JavaThread "Java2D Disposer" daemon [_thread_blocked, id=44803, stack(0x000000011138f000,0x000000011148f000)]
=>0x00007f9afc8b0000 JavaThread "Java2D Queue Flusher" daemon [_thread_in_native, id=42759, stack(0x0000000110e32000,0x0000000110f32000)]
  0x00007f9af980d000 JavaThread "AWT-Shutdown" [_thread_blocked, id=16903, stack(0x000000010cd58000,0x000000010ce58000)]
  0x00007f9af980a000 JavaThread "AppKit Thread" daemon [_thread_in_native, id=1287, stack(0x00007fff58b78000,0x00007fff58bf8000)]
  0x00007f9afc81d800 JavaThread "Service Thread" daemon [_thread_blocked, id=15363, stack(0x000000010c8be000,0x000000010c9be000)]
  0x00007f9afc81d000 JavaThread "C2 CompilerThread1" daemon [_thread_blocked, id=15107, stack(0x000000010c7bb000,0x000000010c8bb000)]
  0x00007f9afc81c000 JavaThread "C2 CompilerThread0" daemon [_thread_blocked, id=14851, stack(0x000000010c6b8000,0x000000010c7b8000)]
  0x00007f9afc81b000 JavaThread "Signal Dispatcher" daemon [_thread_blocked, id=14595, stack(0x000000010c5b5000,0x000000010c6b5000)]
  0x00007f9afc005800 JavaThread "Finalizer" daemon [_thread_blocked, id=9731, stack(0x000000010c367000,0x000000010c467000)]
  0x00007f9afa854800 JavaThread "Reference Handler" daemon [_thread_blocked, id=9475, stack(0x000000010c264000,0x000000010c364000)]

Other Threads:
  0x00007f9afa852000 VMThread [stack: 0x000000010c161000,0x000000010c261000] [id=9219]
  0x00007f9afc805800 WatcherThread [stack: 0x000000010c9c1000,0x000000010cac1000] [id=15619]

VM state:not at safepoint (normal execution)

VM Mutex/Monitor currently owned by a thread: None

Heap
 def new generation   total 12096K, used 8352K [0x00000007edc00000, 0x00000007ee920000, 0x00000007f2200000)
  eden space 10752K,  77% used [0x00000007edc00000, 0x00000007ee428228, 0x00000007ee680000)
  from space 1344K,   0% used [0x00000007ee680000, 0x00000007ee680000, 0x00000007ee7d0000)
  to   space 1344K,   0% used [0x00000007ee7d0000, 0x00000007ee7d0000, 0x00000007ee920000)
 tenured generation   total 26748K, used 16047K [0x00000007f2200000, 0x00000007f3c1f000, 0x00000007fae00000)
   the space 26748K,  59% used [0x00000007f2200000, 0x00000007f31abff8, 0x00000007f31ac000, 0x00000007f3c1f000)
 compacting perm gen  total 21248K, used 15691K [0x00000007fae00000, 0x00000007fc2c0000, 0x0000000800000000)
   the space 21248K,  73% used [0x00000007fae00000, 0x00000007fbd52eb0, 0x00000007fbd53000, 0x00000007fc2c0000)
No shared spaces configured.

Card table byte_map: [0x000000010716c000,0x00000001071ff000] byte_map_base: 0x00000001031fe000

Polling page: 0x0000000107159000

Code Cache  [0x0000000108dac000, 0x000000010901c000, 0x000000010bdac000)
 total_blobs=879 nmethods=351 adapters=480 free_code_cache=47780Kb largest_free_block=48887552

Compilation events (10 events):
Event: 6.485 Thread 0x00007f9afc81c000  346             javax.swing.text.SegmentCache::getSharedInstance (4 bytes)
Event: 6.485 Thread 0x00007f9afc81c000 nmethod 346 0x0000000108efd050 code [0x0000000108efd180, 0x0000000108efd1d8]
Event: 6.487 Thread 0x00007f9afc81d000  347             java.awt.Component::getParent_NoClientCode (5 bytes)
Event: 6.487 Thread 0x00007f9afc81d000 nmethod 347 0x0000000108e85a10 code [0x0000000108e85b40, 0x0000000108e85bb8]
Event: 6.487 Thread 0x00007f9afc81c000  348             java.awt.Component::getParent (5 bytes)
Event: 6.487 Thread 0x00007f9afc81d000  349             javax.swing.text.CompositeView::getView (7 bytes)
Event: 6.488 Thread 0x00007f9afc81c000 nmethod 348 0x0000000108e85810 code [0x0000000108e85940, 0x0000000108e859b8]
Event: 6.488 Thread 0x00007f9afc81d000 nmethod 349 0x0000000108e83dd0 code [0x0000000108e83f20, 0x0000000108e83fd8]
Event: 6.615 Thread 0x00007f9afc81c000  350  s          sun.font.CStrike$GlyphInfoCache::get (84 bytes)
Event: 6.616 Thread 0x00007f9afc81c000 nmethod 350 0x0000000108e93450 code [0x0000000108e935a0, 0x0000000108e93a38]

GC Heap History (10 events):
Event: 5.503 GC heap before
{Heap before GC invocations=23 (full 1):
 def new generation   total 7040K, used 6638K [0x00000007edc00000, 0x00000007ee3a0000, 0x00000007f2200000)
  eden space 6272K, 100% used [0x00000007edc00000, 0x00000007ee220000, 0x00000007ee220000)
  from space 768K,  47% used [0x00000007ee220000, 0x00000007ee27ba48, 0x00000007ee2e0000)
  to   space 768K,   0% used [0x00000007ee2e0000, 0x00000007ee2e0000, 0x00000007ee3a0000)
 tenured generation   total 15576K, used 12636K [0x00000007f2200000, 0x00000007f3136000, 0x00000007fae00000)
   the space 15576K,  81% used [0x00000007f2200000, 0x00000007f2e570d0, 0x00000007f2e57200, 0x00000007f3136000)
 compacting perm gen  total 21248K, used 13400K [0x00000007fae00000, 0x00000007fc2c0000, 0x0000000800000000)
   the space 21248K,  63% used [0x00000007fae00000, 0x00000007fbb16038, 0x00000007fbb16200, 0x00000007fc2c0000)
No shared spaces configured.
Event: 5.504 GC heap after
Heap after GC invocations=24 (full 1):
 def new generation   total 7040K, used 196K [0x00000007edc00000, 0x00000007ee3a0000, 0x00000007f2200000)
  eden space 6272K,   0% used [0x00000007edc00000, 0x00000007edc00000, 0x00000007ee220000)
  from space 768K,  25% used [0x00000007ee2e0000, 0x00000007ee3111c0, 0x00000007ee3a0000)
  to   space 768K,   0% used [0x00000007ee220000, 0x00000007ee220000, 0x00000007ee2e0000)
 tenured generation   total 15576K, used 12637K [0x00000007f2200000, 0x00000007f3136000, 0x00000007fae00000)
   the space 15576K,  81% used [0x00000007f2200000, 0x00000007f2e577a8, 0x00000007f2e57800, 0x00000007f3136000)
 compacting perm gen  total 21248K, used 13400K [0x00000007fae00000, 0x00000007fc2c0000, 0x0000000800000000)
   the space 21248K,  63% used [0x00000007fae00000, 0x00000007fbb16038, 0x00000007fbb16200, 0x00000007fc2c0000)
No shared spaces configured.
}
Event: 5.632 GC heap before
{Heap before GC invocations=24 (full 1):
 def new generation   total 7040K, used 6468K [0x00000007edc00000, 0x00000007ee3a0000, 0x00000007f2200000)
  eden space 6272K, 100% used [0x00000007edc00000, 0x00000007ee220000, 0x00000007ee220000)
  from space 768K,  25% used [0x00000007ee2e0000, 0x00000007ee3111c0, 0x00000007ee3a0000)
  to   space 768K,   0% used [0x00000007ee220000, 0x00000007ee220000, 0x00000007ee2e0000)
 tenured generation   total 15576K, used 12637K [0x00000007f2200000, 0x00000007f3136000, 0x00000007fae00000)
   the space 15576K,  81% used [0x00000007f2200000, 0x00000007f2e577a8, 0x00000007f2e57800, 0x00000007f3136000)
 compacting perm gen  total 21248K, used 13404K [0x00000007fae00000, 0x00000007fc2c0000, 0x0000000800000000)
   the space 21248K,  63% used [0x00000007fae00000, 0x00000007fbb17238, 0x00000007fbb17400, 0x00000007fc2c0000)
No shared spaces configured.
Event: 5.633 GC heap after
Heap after GC invocations=25 (full 1):
 def new generation   total 7040K, used 224K [0x00000007edc00000, 0x00000007ee3a0000, 0x00000007f2200000)
  eden space 6272K,   0% used [0x00000007edc00000, 0x00000007edc00000, 0x00000007ee220000)
  from space 768K,  29% used [0x00000007ee220000, 0x00000007ee2581f8, 0x00000007ee2e0000)
  to   space 768K,   0% used [0x00000007ee2e0000, 0x00000007ee2e0000, 0x00000007ee3a0000)
 tenured generation   total 15576K, used 12638K [0x00000007f2200000, 0x00000007f3136000, 0x00000007fae00000)
   the space 15576K,  81% used [0x00000007f2200000, 0x00000007f2e57b38, 0x00000007f2e57c00, 0x00000007f3136000)
 compacting perm gen  total 21248K, used 13404K [0x00000007fae00000, 0x00000007fc2c0000, 0x0000000800000000)
   the space 21248K,  63% used [0x00000007fae00000, 0x00000007fbb17238, 0x00000007fbb17400, 0x00000007fc2c0000)
No shared spaces configured.
}
Event: 5.834 GC heap before
{Heap before GC invocations=25 (full 1):
 def new generation   total 7040K, used 6496K [0x00000007edc00000, 0x00000007ee3a0000, 0x00000007f2200000)
  eden space 6272K, 100% used [0x00000007edc00000, 0x00000007ee220000, 0x00000007ee220000)
  from space 768K,  29% used [0x00000007ee220000, 0x00000007ee2581f8, 0x00000007ee2e0000)
  to   space 768K,   0% used [0x00000007ee2e0000, 0x00000007ee2e0000, 0x00000007ee3a0000)
 tenured generation   total 15576K, used 12638K [0x00000007f2200000, 0x00000007f3136000, 0x00000007fae00000)
   the space 15576K,  81% used [0x00000007f2200000, 0x00000007f2e57b38, 0x00000007f2e57c00, 0x00000007f3136000)
 compacting perm gen  total 21248K, used 13408K [0x00000007fae00000, 0x00000007fc2c0000, 0x0000000800000000)
   the space 21248K,  63% used [0x00000007fae00000, 0x00000007fbb18180, 0x00000007fbb18200, 0x00000007fc2c0000)
No shared spaces configured.
Event: 5.836 GC heap after
Heap after GC invocations=26 (full 1):
 def new generation   total 7040K, used 223K [0x00000007edc00000, 0x00000007ee3a0000, 0x00000007f2200000)
  eden space 6272K,   0% used [0x00000007edc00000, 0x00000007edc00000, 0x00000007ee220000)
  from space 768K,  29% used [0x00000007ee2e0000, 0x00000007ee317d30, 0x00000007ee3a0000)
  to   space 768K,   0% used [0x00000007ee220000, 0x00000007ee220000, 0x00000007ee2e0000)
 tenured generation   total 15576K, used 12639K [0x00000007f2200000, 0x00000007f3136000, 0x00000007fae00000)
   the space 15576K,  81% used [0x00000007f2200000, 0x00000007f2e57dd8, 0x00000007f2e57e00, 0x00000007f3136000)
 compacting perm gen  total 21248K, used 13408K [0x00000007fae00000, 0x00000007fc2c0000, 0x0000000800000000)
   the space 21248K,  63% used [0x00000007fae00000, 0x00000007fbb18180, 0x00000007fbb18200, 0x00000007fc2c0000)
No shared spaces configured.
}
Event: 6.026 GC heap before
{Heap before GC invocations=26 (full 1):
 def new generation   total 7040K, used 6495K [0x00000007edc00000, 0x00000007ee3a0000, 0x00000007f2200000)
  eden space 6272K, 100% used [0x00000007edc00000, 0x00000007ee220000, 0x00000007ee220000)
  from space 768K,  29% used [0x00000007ee2e0000, 0x00000007ee317d30, 0x00000007ee3a0000)
  to   space 768K,   0% used [0x00000007ee220000, 0x00000007ee220000, 0x00000007ee2e0000)
 tenured generation   total 15576K, used 12639K [0x00000007f2200000, 0x00000007f3136000, 0x00000007fae00000)
   the space 15576K,  81% used [0x00000007f2200000, 0x00000007f2e57dd8, 0x00000007f2e57e00, 0x00000007f3136000)
 compacting perm gen  total 21248K, used 14214K [0x00000007fae00000, 0x00000007fc2c0000, 0x0000000800000000)
   the space 21248K,  66% used [0x00000007fae00000, 0x00000007fbbe1980, 0x00000007fbbe1a00, 0x00000007fc2c0000)
No shared spaces configured.
Event: 6.028 GC heap after
Heap after GC invocations=27 (full 1):
 def new generation   total 7040K, used 348K [0x00000007edc00000, 0x00000007ee3a0000, 0x00000007f2200000)
  eden space 6272K,   0% used [0x00000007edc00000, 0x00000007edc00000, 0x00000007ee220000)
  from space 768K,  45% used [0x00000007ee220000, 0x00000007ee277210, 0x00000007ee2e0000)
  to   space 768K,   0% used [0x00000007ee2e0000, 0x00000007ee2e0000, 0x00000007ee3a0000)
 tenured generation   total 15576K, used 12640K [0x00000007f2200000, 0x00000007f3136000, 0x00000007fae00000)
   the space 15576K,  81% used [0x00000007f2200000, 0x00000007f2e581c8, 0x00000007f2e58200, 0x00000007f3136000)
 compacting perm gen  total 21248K, used 14214K [0x00000007fae00000, 0x00000007fc2c0000, 0x0000000800000000)
   the space 21248K,  66% used [0x00000007fae00000, 0x00000007fbbe1980, 0x00000007fbbe1a00, 0x00000007fc2c0000)
No shared spaces configured.
}
Event: 6.233 GC heap before
{Heap before GC invocations=27 (full 1):
 def new generation   total 7040K, used 6620K [0x00000007edc00000, 0x00000007ee3a0000, 0x00000007f2200000)
  eden space 6272K, 100% used [0x00000007edc00000, 0x00000007ee220000, 0x00000007ee220000)
  from space 768K,  45% used [0x00000007ee220000, 0x00000007ee277210, 0x00000007ee2e0000)
  to   space 768K,   0% used [0x00000007ee2e0000, 0x00000007ee2e0000, 0x00000007ee3a0000)
 tenured generation   total 15576K, used 12640K [0x00000007f2200000, 0x00000007f3136000, 0x00000007fae00000)
   the space 15576K,  81% used [0x00000007f2200000, 0x00000007f2e581c8, 0x00000007f2e58200, 0x00000007f3136000)
 compacting perm gen  total 21248K, used 15535K [0x00000007fae00000, 0x00000007fc2c0000, 0x0000000800000000)
   the space 21248K,  73% used [0x00000007fae00000, 0x00000007fbd2bec8, 0x00000007fbd2c000, 0x00000007fc2c0000)
No shared spaces configured.
Event: 6.280 GC heap after
Heap after GC invocations=28 (full 2):
 def new generation   total 12096K, used 422K [0x00000007edc00000, 0x00000007ee920000, 0x00000007f2200000)
  eden space 10752K,   3% used [0x00000007edc00000, 0x00000007edc69a30, 0x00000007ee680000)
  from space 1344K,   0% used [0x00000007ee680000, 0x00000007ee680000, 0x00000007ee7d0000)
  to   space 1344K,   0% used [0x00000007ee7d0000, 0x00000007ee7d0000, 0x00000007ee920000)
 tenured generation   total 26748K, used 16047K [0x00000007f2200000, 0x00000007f3c1f000, 0x00000007fae00000)
   the space 26748K,  59% used [0x00000007f2200000, 0x00000007f31abff8, 0x00000007f31ac000, 0x00000007f3c1f000)
 compacting perm gen  total 21248K, used 15535K [0x00000007fae00000, 0x00000007fc2c0000, 0x0000000800000000)
   the space 21248K,  73% used [0x00000007fae00000, 0x00000007fbd2bec8, 0x00000007fbd2c000, 0x00000007fc2c0000)
No shared spaces configured.
}

Deoptimization events (10 events):
Event: 6.092 Thread 0x00007f9afb97a800 Uncommon trap -58 fr.pc 0x0000000108eea0bc
Event: 6.092 Thread 0x00007f9afb97a800 Uncommon trap -58 fr.pc 0x0000000108eea0bc
Event: 6.097 Thread 0x00007f9af980a000 Uncommon trap -58 fr.pc 0x0000000108ed03d0
Event: 6.097 Thread 0x00007f9af980a000 Uncommon trap -58 fr.pc 0x0000000108ed03d0
Event: 6.097 Thread 0x00007f9af980a000 Uncommon trap -58 fr.pc 0x0000000108ed03d0
Event: 6.199 Thread 0x00007f9afa8ed000 Uncommon trap -83 fr.pc 0x0000000108ee83e0
Event: 6.408 Thread 0x00007f9af980a000 Uncommon trap -58 fr.pc 0x0000000108ed03d0
Event: 6.442 Thread 0x00007f9af98f3000 Uncommon trap -28 fr.pc 0x0000000108ef5358
Event: 6.595 Thread 0x00007f9afa8ed000 Uncommon trap -34 fr.pc 0x0000000108ec8540
Event: 6.603 Thread 0x00007f9afa8ed000 Uncommon trap -122 fr.pc 0x0000000108eef850

Internal exceptions (10 events):
Event: 3.887 Thread 0x00007f9afa8ed000 Threw 0x00000007edf349b8 at /HUDSON/workspace/jdk7u21-2-build-macosx-amd64-product/jdk7u21/hotspot/src/share/vm/prims/jvm.cpp:1166
Event: 4.295 Thread 0x00007f9afa8ed000 Threw 0x00000007edeb7090 at /HUDSON/workspace/jdk7u21-2-build-macosx-amd64-product/jdk7u21/hotspot/src/share/vm/prims/jvm.cpp:1166
Event: 4.296 Thread 0x00007f9afa8ed000 Threw 0x00000007edeb9558 at /HUDSON/workspace/jdk7u21-2-build-macosx-amd64-product/jdk7u21/hotspot/src/share/vm/prims/jvm.cpp:1166
Event: 4.296 Thread 0x00007f9afa8ed000 Threw 0x00000007edebbd78 at /HUDSON/workspace/jdk7u21-2-build-macosx-amd64-product/jdk7u21/hotspot/src/share/vm/prims/jvm.cpp:1166
Event: 4.297 Thread 0x00007f9afa8ed000 Threw 0x00000007edebe190 at /HUDSON/workspace/jdk7u21-2-build-macosx-amd64-product/jdk7u21/hotspot/src/share/vm/prims/jvm.cpp:1166
Event: 4.325 Thread 0x00007f9afa8ed000 Threw 0x00000007edf28248 at /HUDSON/workspace/jdk7u21-2-build-macosx-amd64-product/jdk7u21/hotspot/src/share/vm/prims/jvm.cpp:1166
Event: 4.426 Thread 0x00007f9afa8ed000 Implicit null exception at 0x0000000108e83c4c to 0x0000000108e84989
Event: 5.582 Thread 0x00007f9afa8ed000 Implicit null exception at 0x0000000108ebae8c to 0x0000000108ebaf21
Event: 5.982 Thread 0x00007f9afa8ed000 Implicit null exception at 0x0000000108ebcbfb to 0x0000000108ebd075
Event: 6.199 Thread 0x00007f9afa8ed000 Implicit null exception at 0x0000000108ee82d6 to 0x0000000108ee83cd

Events (10 events):
Event: 6.596 loading class 0x00007f9afb02e410
Event: 6.596 loading class 0x00007f9afb02e410 done
Event: 6.596 loading class 0x00007f9afb02e360
Event: 6.596 loading class 0x00007f9afb02e360 done
Event: 6.597 loading class 0x00007f9afb02e620
Event: 6.597 loading class 0x00007f9afb02e620 done
Event: 6.598 loading class 0x00007f9afb02e5a0
Event: 6.598 loading class 0x00007f9afb02e5a0 done
Event: 6.603 Thread 0x00007f9afa8ed000 DEOPT PACKING pc=0x0000000108eef850 sp=0x00000001117055f0
Event: 6.603 Thread 0x00007f9afa8ed000 DEOPT UNPACKING pc=0x0000000108de5145 sp=0x00000001117055a8 mode 2


Dynamic libraries:
0x00000000025eb000 	/System/Library/Frameworks/Cocoa.framework/Versions/A/Cocoa
0x00000000025eb000 	/System/Library/Frameworks/Security.framework/Versions/A/Security
0x00000000025eb000 	/System/Library/Frameworks/ApplicationServices.framework/Versions/A/ApplicationServices
0x00000000025eb000 	/usr/lib/libz.1.dylib
0x00000000025eb000 	/usr/lib/libSystem.B.dylib
0x00000000025eb000 	/usr/lib/libobjc.A.dylib
0x00000000025eb000 	/System/Library/Frameworks/CoreFoundation.framework/Versions/A/CoreFoundation
0x00000000025eb000 	/System/Library/Frameworks/AppKit.framework/Versions/C/AppKit
0x00000000025eb000 	/System/Library/Frameworks/CoreData.framework/Versions/A/CoreData
0x00000000025eb000 	/System/Library/Frameworks/Foundation.framework/Versions/C/Foundation
0x00000000025eb000 	/System/Library/PrivateFrameworks/RemoteViewServices.framework/Versions/A/RemoteViewServices
0x00000000025eb000 	/System/Library/Frameworks/AudioToolbox.framework/Versions/A/AudioToolbox
0x00000000025eb000 	/System/Library/Frameworks/AudioUnit.framework/Versions/A/AudioUnit
0x00000000025eb000 	/System/Library/PrivateFrameworks/DataDetectorsCore.framework/Versions/A/DataDetectorsCore
0x00000000025eb000 	/System/Library/PrivateFrameworks/DesktopServicesPriv.framework/Versions/A/DesktopServicesPriv
0x00000000025eb000 	/System/Library/Frameworks/Carbon.framework/Versions/A/Frameworks/HIToolbox.framework/Versions/A/HIToolbox
0x00000000025eb000 	/System/Library/Frameworks/QuartzCore.framework/Versions/A/QuartzCore
0x00000000025eb000 	/System/Library/Frameworks/Carbon.framework/Versions/A/Frameworks/SpeechRecognition.framework/Versions/A/SpeechRecognition
0x00000000025eb000 	/usr/lib/libauto.dylib
0x00000000025eb000 	/usr/lib/libicucore.A.dylib
0x00000000025eb000 	/usr/lib/libxml2.2.dylib
0x00000000025eb000 	/System/Library/PrivateFrameworks/CoreUI.framework/Versions/A/CoreUI
0x00000000025eb000 	/System/Library/Frameworks/CoreAudio.framework/Versions/A/CoreAudio
0x00000000025eb000 	/System/Library/Frameworks/DiskArbitration.framework/Versions/A/DiskArbitration
0x00000000025eb000 	/usr/lib/liblangid.dylib
0x00000000025eb000 	/System/Library/PrivateFrameworks/MultitouchSupport.framework/Versions/A/MultitouchSupport
0x00000000025eb000 	/System/Library/Frameworks/IOKit.framework/Versions/A/IOKit
0x00000000025eb000 	/usr/lib/libDiagnosticMessagesClient.dylib
0x00000000025eb000 	/System/Library/Frameworks/CoreServices.framework/Versions/A/CoreServices
0x00000000025eb000 	/System/Library/PrivateFrameworks/PerformanceAnalysis.framework/Versions/A/PerformanceAnalysis
0x00000000025eb000 	/System/Library/PrivateFrameworks/GenerationalStorage.framework/Versions/A/GenerationalStorage
0x00000000025eb000 	/System/Library/Frameworks/OpenGL.framework/Versions/A/OpenGL
0x00000000025eb000 	/System/Library/PrivateFrameworks/Sharing.framework/Versions/A/Sharing
0x00000000025eb000 	/System/Library/Frameworks/ImageIO.framework/Versions/A/ImageIO
0x00000000025eb000 	/System/Library/Frameworks/CoreText.framework/Versions/A/CoreText
0x00000000025eb000 	/System/Library/Frameworks/CoreGraphics.framework/Versions/A/CoreGraphics
0x00000000025eb000 	/System/Library/PrivateFrameworks/Backup.framework/Versions/A/Backup
0x00000000025eb000 	/System/Library/Frameworks/CFNetwork.framework/Versions/A/CFNetwork
0x00000000025eb000 	/System/Library/Frameworks/SystemConfiguration.framework/Versions/A/SystemConfiguration
0x00000000025eb000 	/usr/lib/libCRFSuite.dylib
0x00000000025eb000 	/usr/lib/libc++.1.dylib
0x00000000025eb000 	/usr/lib/libc++abi.dylib
0x00000000025eb000 	/usr/lib/system/libcache.dylib
0x00000000025eb000 	/usr/lib/system/libcommonCrypto.dylib
0x00000000025eb000 	/usr/lib/system/libcompiler_rt.dylib
0x00000000025eb000 	/usr/lib/system/libcopyfile.dylib
0x00000000025eb000 	/usr/lib/system/libcorecrypto.dylib
0x00000000025eb000 	/usr/lib/system/libdispatch.dylib
0x00000000025eb000 	/usr/lib/system/libdyld.dylib
0x00000000025eb000 	/usr/lib/system/libkeymgr.dylib
0x00000000025eb000 	/usr/lib/system/liblaunch.dylib
0x00000000025eb000 	/usr/lib/system/libmacho.dylib
0x00000000025eb000 	/usr/lib/system/libquarantine.dylib
0x00000000025eb000 	/usr/lib/system/libremovefile.dylib
0x00000000025eb000 	/usr/lib/system/libsystem_asl.dylib
0x00000000025eb000 	/usr/lib/system/libsystem_blocks.dylib
0x00000000025eb000 	/usr/lib/system/libsystem_c.dylib
0x00000000025eb000 	/usr/lib/system/libsystem_configuration.dylib
0x00000000025eb000 	/usr/lib/system/libsystem_dnssd.dylib
0x00000000025eb000 	/usr/lib/system/libsystem_info.dylib
0x00000000025eb000 	/usr/lib/system/libsystem_kernel.dylib
0x00000000025eb000 	/usr/lib/system/libsystem_m.dylib
0x00000000025eb000 	/usr/lib/system/libsystem_malloc.dylib
0x00000000025eb000 	/usr/lib/system/libsystem_network.dylib
0x00000000025eb000 	/usr/lib/system/libsystem_notify.dylib
0x00000000025eb000 	/usr/lib/system/libsystem_platform.dylib
0x00000000025eb000 	/usr/lib/system/libsystem_pthread.dylib
0x00000000025eb000 	/usr/lib/system/libsystem_sandbox.dylib
0x00000000025eb000 	/usr/lib/system/libsystem_stats.dylib
0x00000000025eb000 	/usr/lib/system/libunc.dylib
0x00000000025eb000 	/usr/lib/system/libunwind.dylib
0x00000000025eb000 	/usr/lib/system/libxpc.dylib
0x00000000025eb000 	/usr/lib/libbsm.0.dylib
0x00000000025eb000 	/usr/lib/libsqlite3.dylib
0x00000000025eb000 	/usr/lib/libxar.1.dylib
0x00000000025eb000 	/usr/lib/libpam.2.dylib
0x00000000025eb000 	/usr/lib/libOpenScriptingUtil.dylib
0x00000000025eb000 	/usr/lib/libbz2.1.0.dylib
0x00000000025eb000 	/System/Library/Frameworks/CoreServices.framework/Versions/A/Frameworks/CarbonCore.framework/Versions/A/CarbonCore
0x00000000025eb000 	/System/Library/Frameworks/CoreServices.framework/Versions/A/Frameworks/Metadata.framework/Versions/A/Metadata
0x00000000025eb000 	/System/Library/Frameworks/CoreServices.framework/Versions/A/Frameworks/OSServices.framework/Versions/A/OSServices
0x00000000025eb000 	/System/Library/Frameworks/CoreServices.framework/Versions/A/Frameworks/SearchKit.framework/Versions/A/SearchKit
0x00000000025eb000 	/System/Library/Frameworks/CoreServices.framework/Versions/A/Frameworks/AE.framework/Versions/A/AE
0x00000000025eb000 	/System/Library/Frameworks/CoreServices.framework/Versions/A/Frameworks/LaunchServices.framework/Versions/A/LaunchServices
0x00000000025eb000 	/System/Library/Frameworks/CoreServices.framework/Versions/A/Frameworks/DictionaryServices.framework/Versions/A/DictionaryServices
0x00000000025eb000 	/System/Library/Frameworks/NetFS.framework/Versions/A/NetFS
0x00000000025eb000 	/usr/lib/system/libkxld.dylib
0x00000000025eb000 	/System/Library/PrivateFrameworks/NetAuth.framework/Versions/A/NetAuth
0x00000000025eb000 	/System/Library/PrivateFrameworks/TCC.framework/Versions/A/TCC
0x00000000025eb000 	/System/Library/Frameworks/OpenDirectory.framework/Versions/A/Frameworks/CFOpenDirectory.framework/Versions/A/CFOpenDirectory
0x00000000025eb000 	/System/Library/Frameworks/ServiceManagement.framework/Versions/A/ServiceManagement
0x00000000025eb000 	/usr/lib/libxslt.1.dylib
0x00000000025eb000 	/System/Library/Frameworks/Carbon.framework/Versions/A/Frameworks/Ink.framework/Versions/A/Ink
0x00000000025eb000 	/System/Library/Frameworks/ApplicationServices.framework/Versions/A/Frameworks/ATS.framework/Versions/A/ATS
0x00000000025eb000 	/System/Library/Frameworks/ApplicationServices.framework/Versions/A/Frameworks/ColorSync.framework/Versions/A/ColorSync
0x00000000025eb000 	/System/Library/Frameworks/ApplicationServices.framework/Versions/A/Frameworks/HIServices.framework/Versions/A/HIServices
0x00000000025eb000 	/System/Library/Frameworks/ApplicationServices.framework/Versions/A/Frameworks/LangAnalysis.framework/Versions/A/LangAnalysis
0x00000000025eb000 	/System/Library/Frameworks/ApplicationServices.framework/Versions/A/Frameworks/PrintCore.framework/Versions/A/PrintCore
0x00000000025eb000 	/System/Library/Frameworks/ApplicationServices.framework/Versions/A/Frameworks/QD.framework/Versions/A/QD
0x00000000025eb000 	/System/Library/Frameworks/ApplicationServices.framework/Versions/A/Frameworks/SpeechSynthesis.framework/Versions/A/SpeechSynthesis
0x00000000025eb000 	/System/Library/Frameworks/IOSurface.framework/Versions/A/IOSurface
0x00000000025eb000 	/System/Library/Frameworks/Accelerate.framework/Versions/A/Accelerate
0x00000000025eb000 	/System/Library/Frameworks/Accelerate.framework/Versions/A/Frameworks/vImage.framework/Versions/A/vImage
0x00000000025eb000 	/System/Library/Frameworks/Accelerate.framework/Versions/A/Frameworks/vecLib.framework/Versions/A/vecLib
0x00000000025eb000 	/System/Library/Frameworks/Accelerate.framework/Versions/A/Frameworks/vecLib.framework/Versions/A/libvDSP.dylib
0x00000000025eb000 	/System/Library/Frameworks/Accelerate.framework/Versions/A/Frameworks/vecLib.framework/Versions/A/libvMisc.dylib
0x00000000025eb000 	/System/Library/Frameworks/Accelerate.framework/Versions/A/Frameworks/vecLib.framework/Versions/A/libLAPACK.dylib
0x00000000025eb000 	/System/Library/Frameworks/Accelerate.framework/Versions/A/Frameworks/vecLib.framework/Versions/A/libBLAS.dylib
0x00000000025eb000 	/System/Library/Frameworks/ApplicationServices.framework/Versions/A/Frameworks/ATS.framework/Versions/A/Resources/libFontParser.dylib
0x00000000025eb000 	/System/Library/Frameworks/ApplicationServices.framework/Versions/A/Frameworks/ATS.framework/Versions/A/Resources/libFontRegistry.dylib
0x00000000025eb000 	/System/Library/Frameworks/ImageIO.framework/Versions/A/Resources/libJPEG.dylib
0x00000000025eb000 	/System/Library/Frameworks/ImageIO.framework/Versions/A/Resources/libTIFF.dylib
0x00000000025eb000 	/System/Library/Frameworks/ImageIO.framework/Versions/A/Resources/libPng.dylib
0x00000000025eb000 	/System/Library/Frameworks/ImageIO.framework/Versions/A/Resources/libGIF.dylib
0x00000000025eb000 	/System/Library/Frameworks/ImageIO.framework/Versions/A/Resources/libJP2.dylib
0x00000000025eb000 	/System/Library/Frameworks/ImageIO.framework/Versions/A/Resources/libRadiance.dylib
0x00000000025eb000 	/usr/lib/libcups.2.dylib
0x00000000025eb000 	/System/Library/Frameworks/Kerberos.framework/Versions/A/Kerberos
0x00000000025eb000 	/System/Library/Frameworks/GSS.framework/Versions/A/GSS
0x00000000025eb000 	/usr/lib/libresolv.9.dylib
0x00000000025eb000 	/usr/lib/libiconv.2.dylib
0x00000000025eb000 	/System/Library/PrivateFrameworks/Heimdal.framework/Versions/A/Heimdal
0x00000000025eb000 	/System/Library/PrivateFrameworks/TrustEvaluationAgent.framework/Versions/A/TrustEvaluationAgent
0x00000000025eb000 	/usr/lib/libheimdal-asn1.dylib
0x00000000025eb000 	/System/Library/Frameworks/OpenDirectory.framework/Versions/A/OpenDirectory
0x00000000025eb000 	/System/Library/PrivateFrameworks/CommonAuth.framework/Versions/A/CommonAuth
0x00000000025eb000 	/System/Library/Frameworks/SecurityFoundation.framework/Versions/A/SecurityFoundation
0x00000000025eb000 	/System/Library/PrivateFrameworks/Bom.framework/Versions/A/Bom
0x00000000025eb000 	/System/Library/Frameworks/CoreVideo.framework/Versions/A/CoreVideo
0x00000000025eb000 	/System/Library/Frameworks/QuartzCore.framework/Versions/A/Frameworks/CoreImage.framework/Versions/A/CoreImage
0x00000000025eb000 	/System/Library/Frameworks/QuartzCore.framework/Versions/A/Frameworks/ScalableUserInterface.framework/Versions/A/ScalableUserInterface
0x00000000025eb000 	/System/Library/Frameworks/OpenGL.framework/Versions/A/Libraries/libGLU.dylib
0x00000000025eb000 	/System/Library/Frameworks/OpenGL.framework/Versions/A/Libraries/libGFXShared.dylib
0x00000000025eb000 	/System/Library/Frameworks/OpenGL.framework/Versions/A/Libraries/libGL.dylib
0x00000000025eb000 	/System/Library/Frameworks/OpenGL.framework/Versions/A/Libraries/libGLImage.dylib
0x00000000025eb000 	/System/Library/Frameworks/OpenGL.framework/Versions/A/Libraries/libCVMSPluginSupport.dylib
0x00000000025eb000 	/System/Library/Frameworks/OpenGL.framework/Versions/A/Libraries/libCoreVMClient.dylib
0x00000000025eb000 	/System/Library/PrivateFrameworks/FaceCore.framework/Versions/A/FaceCore
0x00000000025eb000 	/System/Library/PrivateFrameworks/CrashReporterSupport.framework/Versions/A/CrashReporterSupport
0x00000000025eb000 	/System/Library/Frameworks/OpenCL.framework/Versions/A/OpenCL
0x00000000025eb000 	/System/Library/PrivateFrameworks/AppleFSCompression.framework/Versions/A/AppleFSCompression
0x00000000025eb000 	/System/Library/PrivateFrameworks/Ubiquity.framework/Versions/A/Ubiquity
0x00000000025eb000 	/System/Library/PrivateFrameworks/IconServices.framework/Versions/A/IconServices
0x00000000025eb000 	/System/Library/PrivateFrameworks/ChunkingLibrary.framework/Versions/A/ChunkingLibrary
0x00000000025eb000 	/System/Library/PrivateFrameworks/CoreSymbolication.framework/Versions/A/CoreSymbolication
0x00000000025eb000 	/System/Library/PrivateFrameworks/Symbolication.framework/Versions/A/Symbolication
0x00000000025eb000 	/System/Library/PrivateFrameworks/DebugSymbols.framework/Versions/A/DebugSymbols
0x0000000108200000 	/Library/Java/JavaVirtualMachines/jdk1.7.0_21.jdk/Contents/Home/jre/lib/server/libjvm.dylib
0x00000000025eb000 	/usr/lib/libstdc++.6.dylib
0x000000010711c000 	/Library/Java/JavaVirtualMachines/jdk1.7.0_21.jdk/Contents/Home/jre/lib/libverify.dylib
0x0000000107129000 	/Library/Java/JavaVirtualMachines/jdk1.7.0_21.jdk/Contents/Home/jre/lib/libjava.dylib
0x0000000107163000 	/Library/Java/JavaVirtualMachines/jdk1.7.0_21.jdk/Contents/Home/jre/lib/libzip.dylib
0x000000010c469000 	/System/Library/Frameworks/JavaVM.framework/Frameworks/JavaRuntimeSupport.framework/JavaRuntimeSupport
0x000000010c481000 	/System/Library/Frameworks/JavaVM.framework/Versions/A/Frameworks/JavaNativeFoundation.framework/Versions/A/JavaNativeFoundation
0x000000010c495000 	/System/Library/Frameworks/JavaVM.framework/Versions/A/JavaVM
0x00000000025eb000 	/System/Library/Frameworks/Carbon.framework/Versions/A/Carbon
0x000000010c4a1000 	/System/Library/PrivateFrameworks/JavaLaunching.framework/Versions/A/JavaLaunching
0x00000000025eb000 	/System/Library/Frameworks/Carbon.framework/Versions/A/Frameworks/CommonPanels.framework/Versions/A/CommonPanels
0x00000000025eb000 	/System/Library/Frameworks/Carbon.framework/Versions/A/Frameworks/Help.framework/Versions/A/Help
0x00000000025eb000 	/System/Library/Frameworks/Carbon.framework/Versions/A/Frameworks/ImageCapture.framework/Versions/A/ImageCapture
0x00000000025eb000 	/System/Library/Frameworks/Carbon.framework/Versions/A/Frameworks/OpenScripting.framework/Versions/A/OpenScripting
0x00000000025eb000 	/System/Library/Frameworks/Carbon.framework/Versions/A/Frameworks/Print.framework/Versions/A/Print
0x00000000025eb000 	/System/Library/Frameworks/Carbon.framework/Versions/A/Frameworks/SecurityHI.framework/Versions/A/SecurityHI
0x000000010cb0e000 	/Library/Java/JavaVirtualMachines/jdk1.7.0_21.jdk/Contents/Home/jre/lib/libawt.dylib
0x000000010cbbd000 	/Library/Java/JavaVirtualMachines/jdk1.7.0_21.jdk/Contents/Home/jre/lib/./libmlib_image.dylib
0x000000010cc89000 	/Library/Java/JavaVirtualMachines/jdk1.7.0_21.jdk/Contents/Home/jre/lib/lwawt/liblwawt.dylib
0x000000010cd3b000 	/Library/Java/JavaVirtualMachines/jdk1.7.0_21.jdk/Contents/Home/jre/lib/libosxapp.dylib
0x00000000025eb000 	/System/Library/Frameworks/ExceptionHandling.framework/Versions/A/ExceptionHandling
0x00000000025eb000 	/System/Library/PrivateFrameworks/CoreServicesInternal.framework/Versions/A/CoreServicesInternal
0x00000000025eb000 	/System/Library/PrivateFrameworks/Librarian.framework/Versions/A/Librarian
0x00000000025eb000 	/System/Library/Frameworks/CoreGraphics.framework/Versions/A/Resources/libCGCMS.A.dylib
0x00000000025eb000 	/System/Library/Frameworks/CoreGraphics.framework/Versions/A/Resources/libRIP.A.dylib
0x00000000025eb000 	/System/Library/Frameworks/CoreGraphics.framework/Versions/A/Resources/libCGXType.A.dylib
0x00000000025eb000 	/System/Library/PrivateFrameworks/FamilyControls.framework/Versions/A/FamilyControls
0x00000000025eb000 	/System/Library/PrivateFrameworks/CommerceKit.framework/Versions/A/Frameworks/CommerceCore.framework/Versions/A/CommerceCore
0x00000000025eb000 	/System/Library/PrivateFrameworks/SystemAdministration.framework/Versions/A/SystemAdministration
0x00000000025eb000 	/System/Library/Frameworks/DirectoryService.framework/Versions/A/DirectoryService
0x00000000025eb000 	/System/Library/PrivateFrameworks/DiskImages.framework/Versions/A/DiskImages
0x00000000025eb000 	/System/Library/PrivateFrameworks/LoginUIKit.framework/Versions/A/Frameworks/LoginUICore.framework/Versions/A/LoginUICore
0x00000000025eb000 	/usr/lib/libCoreStorage.dylib
0x00000000025eb000 	/usr/lib/libcsfde.dylib
0x00000000025eb000 	/usr/lib/libodfde.dylib
0x00000000025eb000 	/System/Library/Frameworks/DiscRecording.framework/Versions/A/DiscRecording
0x00000000025eb000 	/usr/lib/libcurl.4.dylib
0x00000000025eb000 	/System/Library/PrivateFrameworks/MediaKit.framework/Versions/A/MediaKit
0x00000000025eb000 	/System/Library/PrivateFrameworks/EFILogin.framework/Versions/A/EFILogin
0x00000000025eb000 	/usr/lib/libutil.dylib
0x00000000025eb000 	/System/Library/PrivateFrameworks/AOSNotification.framework/Versions/A/AOSNotification
0x00000000025eb000 	/System/Library/Frameworks/LDAP.framework/Versions/A/LDAP
0x00000000025eb000 	/usr/lib/libsasl2.2.dylib
0x00000000025eb000 	/usr/lib/libcrypto.0.9.8.dylib
0x00000000025eb000 	/usr/lib/libssl.0.9.8.dylib
0x00000000025eb000 	/System/Library/Frameworks/OpenGL.framework/Versions/A/Resources/GLEngine.bundle/GLEngine
0x00000000025eb000 	/System/Library/Frameworks/OpenGL.framework/Versions/A/Libraries/libGLProgrammability.dylib
0x0000000000000000 	/System/Library/Extensions/AMDRadeonX3000GLDriver.bundle/Contents/MacOS/AMDRadeonX3000GLDriver
0x00000000025eb000 	/System/Library/PrivateFrameworks/IOAccelerator.framework/Versions/A/IOAccelerator
0x00000000025eb000 	/System/Library/PrivateFrameworks/GPUSupport.framework/Versions/A/Libraries/libGPUSupportMercury.dylib
0x0000000000000000 	/System/Library/Extensions/AppleIntelHD3000GraphicsGLDriver.bundle/Contents/MacOS/AppleIntelHD3000GraphicsGLDriver
0x000000010f423000 	/System/Library/PrivateFrameworks/GPUSupport.framework/Versions/A/Libraries/libGPUSupport.dylib
0x00000000025eb000 	/System/Library/Frameworks/OpenGL.framework/Versions/A/Resources/GLRendererFloat.bundle/GLRendererFloat
0x00000000025eb000 	/System/Library/Frameworks/OpenCL.framework/Versions/A/Libraries/libcldcpuengine.dylib
0x0000000111491000 	/Library/Java/JavaVirtualMachines/jdk1.7.0_21.jdk/Contents/Home/jre/lib/libfontmanager.dylib
0x00000001114fb000 	/Library/Java/JavaVirtualMachines/jdk1.7.0_21.jdk/Contents/Home/jre/lib/libosxui.dylib
0x00000001127ae000 	/Library/Java/JavaVirtualMachines/jdk1.7.0_21.jdk/Contents/Home/jre/lib/libnet.dylib
0x000000011171f000 	/Library/Java/JavaVirtualMachines/jdk1.7.0_21.jdk/Contents/Home/jre/lib/libnio.dylib
0x0000000112e84000 	cl_kernels
0x0000000113308000 	/System/Library/Frameworks/OpenCL.framework/Versions/A/Libraries/ImageFormats/unorm8_bgra.dylib
0x00000001134c6000 	cl_kernels
0x00000000025eb000 	/System/Library/Frameworks/ApplicationServices.framework/Versions/A/Frameworks/ATS.framework/Versions/A/Resources/libTrueTypeScaler.dylib
0x00000001182e9000 	/Library/Java/JavaVirtualMachines/jdk1.7.0_21.jdk/Contents/Home/jre/lib/libdcpr.dylib
0x0000000113d3f000 	/Library/Java/JavaVirtualMachines/jdk1.7.0_21.jdk/Contents/Home/jre/lib/libjpeg.dylib

VM Arguments:
jvm_args: -Dfile.encoding=UTF-8 -Djava.security.policy=applet.policy 
java_command: controller.VirtualTextbookJFrame
Launcher Type: SUN_STANDARD

Environment Variables:
PATH=/usr/bin:/bin:/usr/sbin:/sbin
LD_LIBRARY_PATH=/Library/Java/JavaVirtualMachines/jdk1.7.0_21.jdk/Contents/Home/jre/lib/amd64:/Library/Java/JavaVirtualMachines/jdk1.7.0_21.jdk/Contents/Home/jre/lib/i386:
SHELL=/bin/bash
DISPLAY=/tmp/launch-LdwcnM/org.macosforge.xquartz:0

Signal Handlers:
SIGSEGV: [libjvm.dylib+0x4a4e2d], sa_mask[0]=0xfffefeff, sa_flags=0x00000042
SIGBUS: [libjvm.dylib+0x4a4e2d], sa_mask[0]=0xfffefeff, sa_flags=0x00000042
SIGFPE: [libjvm.dylib+0x3b4729], sa_mask[0]=0xfffefeff, sa_flags=0x00000042
SIGPIPE: [libjvm.dylib+0x3b4729], sa_mask[0]=0xfffefeff, sa_flags=0x00000042
SIGXFSZ: [libjvm.dylib+0x3b4729], sa_mask[0]=0xfffefeff, sa_flags=0x00000042
SIGILL: [libjvm.dylib+0x3b4729], sa_mask[0]=0xfffefeff, sa_flags=0x00000042
SIGUSR1: SIG_DFL, sa_mask[0]=0x00000000, sa_flags=0x00000002
SIGUSR2: [libjvm.dylib+0x3b42c2], sa_mask[0]=0x00000004, sa_flags=0x00000042
SIGHUP: [libjvm.dylib+0x3b2523], sa_mask[0]=0xfffefeff, sa_flags=0x00000042
SIGINT: SIG_IGN, sa_mask[0]=0x00000000, sa_flags=0x00000000
SIGTERM: [libjvm.dylib+0x3b2523], sa_mask[0]=0xfffefeff, sa_flags=0x00000042
SIGQUIT: [libjvm.dylib+0x3b2523], sa_mask[0]=0xfffefeff, sa_flags=0x00000042


---------------  S Y S T E M  ---------------

OS:Bsduname:Darwin 13.0.0 Darwin Kernel Version 13.0.0: Thu Sep 19 22:22:27 PDT 2013; root:xnu-2422.1.72~6/RELEASE_X86_64 x86_64
rlimit: STACK 8192k, CORE 0k, NPROC 709, NOFILE 10240, AS infinity
load average:2.45 2.19 1.93

CPU:total 8 (4 cores per cpu, 2 threads per core) family 6 model 42 stepping 7, cmov, cx8, fxsr, mmx, sse, sse2, sse3, ssse3, sse4.1, sse4.2, popcnt, avx, ht, tsc, tscinvbit

Memory: 4k page, physical 856796k(214199k free)

/proc/meminfo:


vm_info: Java HotSpot(TM) 64-Bit Server VM (23.21-b01) for bsd-amd64 JRE (1.7.0_21-b12), built on Apr  7 2013 14:55:50 by "java_re" with gcc 4.2.1 (Based on Apple Inc. build 5658) (LLVM build 2336.11.00)

time: Thu Nov  7 10:39:19 2013
elapsed time: 6 seconds

