#
# A fatal error has been detected by the Java Runtime Environment:
#
#  SIGSEGV (0xb) at pc=0x000000011935c33d, pid=23977, tid=42759
#
# JRE version: 7.0_21-b12
# Java VM: Java HotSpot(TM) 64-Bit Server VM (23.21-b01 mixed mode bsd-amd64 compressed oops)
# Problematic frame:
# C  0x000000011935c33d
#
# Failed to write core dump. Core dumps have been disabled. To enable core dumping, try "ulimit -c unlimited" before starting Java again
#
# If you would like to submit a bug report, please visit:
#   http://bugreport.sun.com/bugreport/crash.jsp
# The crash happened outside the Java Virtual Machine in native code.
# See problematic frame for where to report the bug.
#

---------------  T H R E A D  ---------------

Current thread (0x00007fa131883000):  JavaThread "Java2D Queue Flusher" daemon [_thread_in_native, id=42759, stack(0x0000000117327000,0x0000000117427000)]

siginfo:si_signo=SIGSEGV: si_errno=0, si_code=1 (SEGV_MAPERR), si_addr=0x0000000121dc8000

Registers:
RAX=0x000000003ec2c2c4, RBX=0x000000003eaaaaab, RCX=0x000000003f800000, RDX=0x0000000000000001
RSP=0x0000000117425bc8, RBP=0x0000000117425c20, RSI=0x0000000000002c00, RDI=0x0000000000000001
R8 =0x0000000121dc8000, R9 =0x0000000000000000, R10=0x0000000000000000, R11=0x0000000000000001
R12=0x000000003f800000, R13=0x0000000121dc8000, R14=0x000000003ec6c6c8, R15=0x0000000000000000
RIP=0x000000011935c33d, EFLAGS=0x0000000000010206, ERR=0x0000000000000006
  TRAPNO=0x000000000000000e

Top of Stack: (sp=0x0000000117425bc8)
0x0000000117425bc8:   3f800000bf81b4e8 0000000117425c38
0x0000000117425bd8:   3f800000c3940000 0000000000000000
0x0000000117425be8:   0000000000000000 000000010d518600
0x0000000117425bf8:   0000000000000000 0000000117425d40
0x0000000117425c08:   00007fff72bca640 000000010d601d00
0x0000000117425c18:   0000000000000001 0000000117425c80
0x0000000117425c28:   00007fff82dfdd73 0000000000000003
0x0000000117425c38:   00000007edf8b3a8 0000000121a8f000
0x0000000117425c48:   0000000600000640 00002c0000000016
0x0000000117425c58:   0000000a00000004 0000000000000002
0x0000000117425c68:   000001907fffffff 000000000000012c
0x0000000117425c78:   0000000000000000 0000000117425ca0
0x0000000117425c88:   00007fff84bb18f8 0000000117425d40
0x0000000117425c98:   0000000000000000 0000000117425cd0
0x0000000117425ca8:   00007fff84bb1cca 00007fff72bca640
0x0000000117425cb8:   0000000000000001 0000000000000000
0x0000000117425cc8:   0000000000000001 0000000117425cf0
0x0000000117425cd8:   00007fff84baa2ad 0000000117425d40
0x0000000117425ce8:   00007fff72bca640 0000000117425d10
0x0000000117425cf8:   00007fff84bb13cf 0000000000000001
0x0000000117425d08:   0000000117425f48 0000000117425da0
0x0000000117425d18:   00007fff84bb162a 0001890000018900
0x0000000117425d28:   00007fa13744bfc0 0000000000000002
0x0000000117425d38:   0000000117425e60 0000000000000000
0x0000000117425d48:   0000000000000000 0000000000000000
0x0000000117425d58:   00007fff82dfdd08 0000000117425dd0
0x0000000117425d68:   0000000000000000 0000000000000000
0x0000000117425d78:   000000000000012c 0000000000000000
0x0000000117425d88:   0000000000080000 0000000117425f48
0x0000000117425d98:   0000000000000000 0000000117425eb0
0x0000000117425da8:   00007fff82dfdba7 0000000000000000
0x0000000117425db8:   0580000000000000 000012000000a000 

Instructions: (pc=0x000000011935c33d)
0x000000011935c31d:   41 0f af f0 4c 63 ee 4c 89 c6 49 01 fd 4c 03 6d
0x000000011935c32d:   80 44 89 df 4d 89 e8 e9 04 00 00 00 49 83 c0 10
0x000000011935c33d:   45 89 30 41 89 40 04 41 89 58 08 41 89 48 0c ff
0x000000011935c34d:   cf 0f 85 e5 ff ff ff 49 01 f5 41 ff c7 41 39 d7 

Register to memory mapping:

RAX=0x000000003ec2c2c4 is an unknown value
RBX=0x000000003eaaaaab is an unknown value
RCX=0x000000003f800000 is an unknown value
RDX=0x0000000000000001 is an unknown value
RSP=0x0000000117425bc8 is pointing into the stack for thread: 0x00007fa131883000
RBP=0x0000000117425c20 is pointing into the stack for thread: 0x00007fa131883000
RSI=0x0000000000002c00 is an unknown value
RDI=0x0000000000000001 is an unknown value
R8 =0x0000000121dc8000 is an unknown value
R9 =0x0000000000000000 is an unknown value
R10=0x0000000000000000 is an unknown value
R11=0x0000000000000001 is an unknown value
R12=0x000000003f800000 is an unknown value
R13=0x0000000121dc8000 is an unknown value
R14=0x000000003ec6c6c8 is an unknown value
R15=0x0000000000000000 is an unknown value


Stack: [0x0000000117327000,0x0000000117427000],  sp=0x0000000117425bc8,  free space=1018k
Native frames: (J=compiled Java code, j=interpreted, Vv=VM code, C=native code)
C  0x000000011935c33d
C  [libGLImage.dylib+0x8d73]  __glgProcessPixelsWithProcessor_block_invoke+0x6b
C  [libdispatch.dylib+0x88f8]  _dispatch_client_callout2+0x8
C  [libdispatch.dylib+0x8cca]  _dispatch_apply_serial+0x2a
C  [libdispatch.dylib+0x12ad]  _dispatch_client_callout+0x8
C  [libdispatch.dylib+0x83cf]  _dispatch_sync_f_invoke+0x27
C  [libdispatch.dylib+0x862a]  dispatch_apply_f+0x10b
C  [libGLImage.dylib+0x8ba7]  glgProcessPixelsWithProcessor+0x14c1
C  [AMDRadeonX3000GLDriver+0x1e79a6]  gldPresentFramebufferData+0x21985
C  [AMDRadeonX3000GLDriver+0x21cb78]  gldBlitFramebufferData+0x1e7f0
C  [GLEngine+0x1b92a]  gleDrawPixelsFast+0x2ff9
C  [GLEngine+0x188d4]  glDrawPixels_Exec+0x1c8
C  [liblwawt.dylib+0x2fa7]  OGLBlitLoops_Blit+0x6c2
C  [liblwawt.dylib+0x77f9]  Java_sun_java2d_opengl_OGLRenderQueue_flushBuffer+0x3d1
j  sun.java2d.opengl.OGLRenderQueue.flushBuffer(JI)V+0
j  sun.java2d.opengl.OGLRenderQueue.flushBuffer()V+21
j  sun.java2d.opengl.OGLRenderQueue.access$100(Lsun/java2d/opengl/OGLRenderQueue;)V+1
j  sun.java2d.opengl.OGLRenderQueue$QueueFlusher.run()V+81
v  ~StubRoutines::call_stub
V  [libjvm.dylib+0x288abb]
V  [libjvm.dylib+0x288f98]
V  [libjvm.dylib+0x2890d2]
V  [libjvm.dylib+0x2bfa4c]
V  [libjvm.dylib+0x479af4]
V  [libjvm.dylib+0x47afda]
V  [libjvm.dylib+0x3b688d]
C  [libsystem_pthread.dylib+0x1899]  _pthread_body+0x8a
C  [libsystem_pthread.dylib+0x172a]  _pthread_struct_init+0x0
C  [libsystem_pthread.dylib+0x5fc9]  thread_start+0xd

Java frames: (J=compiled Java code, j=interpreted, Vv=VM code)
j  sun.java2d.opengl.OGLRenderQueue.flushBuffer(JI)V+0
j  sun.java2d.opengl.OGLRenderQueue.flushBuffer()V+21
j  sun.java2d.opengl.OGLRenderQueue.access$100(Lsun/java2d/opengl/OGLRenderQueue;)V+1
j  sun.java2d.opengl.OGLRenderQueue$QueueFlusher.run()V+81
v  ~StubRoutines::call_stub

---------------  P R O C E S S  ---------------

Java Threads: ( => current thread )
  0x00007fa13115c000 JavaThread "SwingWorker-pool-1-thread-2" daemon [_thread_blocked, id=60439, stack(0x000000012097b000,0x0000000120a7b000)]
  0x00007fa13239c000 JavaThread "Image Fetcher 3" daemon [_thread_blocked, id=59907, stack(0x0000000120878000,0x0000000120978000)]
  0x00007fa13115b000 JavaThread "Image Fetcher 2" daemon [_thread_blocked, id=59651, stack(0x0000000120775000,0x0000000120875000)]
  0x00007fa131ba9800 JavaThread "Image Fetcher 1" daemon [_thread_blocked, id=59395, stack(0x0000000120672000,0x0000000120772000)]
  0x00007fa13115a000 JavaThread "Image Fetcher 0" daemon [_thread_in_native, id=59139, stack(0x000000012056f000,0x000000012066f000)]
  0x00007fa132396800 JavaThread "Keep-Alive-Timer" daemon [_thread_blocked, id=57603, stack(0x000000011fb0b000,0x000000011fc0b000)]
  0x00007fa1318e1800 JavaThread "SwingWorker-pool-1-thread-1" daemon [_thread_blocked, id=57351, stack(0x0000000119fde000,0x000000011a0de000)]
  0x00007fa1340dc800 JavaThread "Timer-0" daemon [_thread_blocked, id=55083, stack(0x000000011a7db000,0x000000011a8db000)]
  0x00007fa134802000 JavaThread "DestroyJavaVM" [_thread_blocked, id=5891, stack(0x000000010f0bd000,0x000000010f1bd000)]
  0x00007fa1320f3000 JavaThread "AWT-EventQueue-0" [_thread_blocked, id=45315, stack(0x0000000117af9000,0x0000000117bf9000)]
  0x00007fa1320c4800 JavaThread "TimerQueue" daemon [_thread_blocked, id=45059, stack(0x00000001179f6000,0x0000000117af6000)]
  0x00007fa132806800 JavaThread "Java2D Disposer" daemon [_thread_blocked, id=44803, stack(0x000000011787f000,0x000000011797f000)]
=>0x00007fa131883000 JavaThread "Java2D Queue Flusher" daemon [_thread_in_native, id=42759, stack(0x0000000117327000,0x0000000117427000)]
  0x00007fa131877800 JavaThread "AWT-Shutdown" [_thread_blocked, id=15879, stack(0x0000000113248000,0x0000000113348000)]
  0x00007fa13185e000 JavaThread "AppKit Thread" daemon [_thread_in_native, id=1287, stack(0x00007fff52688000,0x00007fff52708000)]
  0x00007fa13186c800 JavaThread "Service Thread" daemon [_thread_blocked, id=15363, stack(0x0000000112db0000,0x0000000112eb0000)]
  0x00007fa13186c000 JavaThread "C2 CompilerThread1" daemon [_thread_blocked, id=15107, stack(0x0000000112cad000,0x0000000112dad000)]
  0x00007fa13186b000 JavaThread "C2 CompilerThread0" daemon [_thread_blocked, id=14851, stack(0x0000000112baa000,0x0000000112caa000)]
  0x00007fa13186a000 JavaThread "Signal Dispatcher" daemon [_thread_blocked, id=14595, stack(0x0000000112aa7000,0x0000000112ba7000)]
  0x00007fa13100c000 JavaThread "Finalizer" daemon [_thread_blocked, id=9731, stack(0x000000011285b000,0x000000011295b000)]
  0x00007fa131856000 JavaThread "Reference Handler" daemon [_thread_blocked, id=9475, stack(0x0000000112758000,0x0000000112858000)]

Other Threads:
  0x00007fa131853800 VMThread [stack: 0x0000000112655000,0x0000000112755000] [id=9219]
  0x00007fa13200b800 WatcherThread [stack: 0x0000000112eb3000,0x0000000112fb3000] [id=15619]

VM state:not at safepoint (normal execution)

VM Mutex/Monitor currently owned by a thread: None

Heap
 def new generation   total 12544K, used 6879K [0x00000007edc00000, 0x00000007ee990000, 0x00000007f2200000)
  eden space 11200K,  61% used [0x00000007edc00000, 0x00000007ee2b7e68, 0x00000007ee6f0000)
  from space 1344K,   0% used [0x00000007ee6f0000, 0x00000007ee6f0000, 0x00000007ee840000)
  to   space 1344K,   0% used [0x00000007ee840000, 0x00000007ee840000, 0x00000007ee990000)
 tenured generation   total 27692K, used 16615K [0x00000007f2200000, 0x00000007f3d0b000, 0x00000007fae00000)
   the space 27692K,  59% used [0x00000007f2200000, 0x00000007f3239c18, 0x00000007f3239e00, 0x00000007f3d0b000)
 compacting perm gen  total 21248K, used 15713K [0x00000007fae00000, 0x00000007fc2c0000, 0x0000000800000000)
   the space 21248K,  73% used [0x00000007fae00000, 0x00000007fbd584e0, 0x00000007fbd58600, 0x00000007fc2c0000)
No shared spaces configured.

Card table byte_map: [0x00000001122cd000,0x0000000112360000] byte_map_base: 0x000000010e35f000

Polling page: 0x000000010d5f9000

Code Cache  [0x000000010f20d000, 0x000000010f47d000, 0x000000011220d000)
 total_blobs=919 nmethods=391 adapters=480 free_code_cache=47652Kb largest_free_block=48746944

Compilation events (10 events):
Event: 9.549 Thread 0x00007fa13186b000 nmethod 387 0x000000010f33a450 code [0x000000010f33a5a0, 0x000000010f33a638]
Event: 9.549 Thread 0x00007fa13186b000  388             javax.swing.text.GapContent::length (17 bytes)
Event: 9.550 Thread 0x00007fa13186b000 nmethod 388 0x000000010f33a190 code [0x000000010f33a2e0, 0x000000010f33a398]
Event: 9.550 Thread 0x00007fa13186b000  389             javax.swing.text.SegmentCache::getSharedInstance (4 bytes)
Event: 9.550 Thread 0x00007fa13186b000 nmethod 389 0x000000010f339f10 code [0x000000010f33a040, 0x000000010f33a098]
Event: 9.550 Thread 0x00007fa13186b000  390   !         java.awt.Font::equals (132 bytes)
Event: 9.552 Thread 0x00007fa13186b000 nmethod 390 0x000000010f33bf50 code [0x000000010f33c0a0, 0x000000010f33c318]
Event: 9.552 Thread 0x00007fa13186b000  391             javax.swing.text.CompositeView::getView (7 bytes)
Event: 9.553 Thread 0x00007fa13186b000 nmethod 391 0x000000010f33bc90 code [0x000000010f33bde0, 0x000000010f33be98]
Event: 9.599 Thread 0x00007fa13186c000 nmethod 373 0x000000010f387150 code [0x000000010f3875e0, 0x000000010f38b660]

GC Heap History (10 events):
Event: 8.556 GC heap before
{Heap before GC invocations=37 (full 1):
 def new generation   total 7232K, used 6520K [0x00000007edc00000, 0x00000007ee3d0000, 0x00000007f2200000)
  eden space 6464K,  99% used [0x00000007edc00000, 0x00000007ee24fc38, 0x00000007ee250000)
  from space 768K,   7% used [0x00000007ee250000, 0x00000007ee25e6e0, 0x00000007ee310000)
  to   space 768K,   0% used [0x00000007ee310000, 0x00000007ee310000, 0x00000007ee3d0000)
 tenured generation   total 15896K, used 13067K [0x00000007f2200000, 0x00000007f3186000, 0x00000007fae00000)
   the space 15896K,  82% used [0x00000007f2200000, 0x00000007f2ec2de0, 0x00000007f2ec2e00, 0x00000007f3186000)
 compacting perm gen  total 21248K, used 13426K [0x00000007fae00000, 0x00000007fc2c0000, 0x0000000800000000)
   the space 21248K,  63% used [0x00000007fae00000, 0x00000007fbb1ca90, 0x00000007fbb1cc00, 0x00000007fc2c0000)
No shared spaces configured.
Event: 8.557 GC heap after
Heap after GC invocations=38 (full 1):
 def new generation   total 7232K, used 56K [0x00000007edc00000, 0x00000007ee3d0000, 0x00000007f2200000)
  eden space 6464K,   0% used [0x00000007edc00000, 0x00000007edc00000, 0x00000007ee250000)
  from space 768K,   7% used [0x00000007ee310000, 0x00000007ee31e2b0, 0x00000007ee3d0000)
  to   space 768K,   0% used [0x00000007ee250000, 0x00000007ee250000, 0x00000007ee310000)
 tenured generation   total 15896K, used 13067K [0x00000007f2200000, 0x00000007f3186000, 0x00000007fae00000)
   the space 15896K,  82% used [0x00000007f2200000, 0x00000007f2ec2f58, 0x00000007f2ec3000, 0x00000007f3186000)
 compacting perm gen  total 21248K, used 13426K [0x00000007fae00000, 0x00000007fc2c0000, 0x0000000800000000)
   the space 21248K,  63% used [0x00000007fae00000, 0x00000007fbb1ca90, 0x00000007fbb1cc00, 0x00000007fc2c0000)
No shared spaces configured.
}
Event: 8.707 GC heap before
{Heap before GC invocations=38 (full 1):
 def new generation   total 7232K, used 6520K [0x00000007edc00000, 0x00000007ee3d0000, 0x00000007f2200000)
  eden space 6464K, 100% used [0x00000007edc00000, 0x00000007ee250000, 0x00000007ee250000)
  from space 768K,   7% used [0x00000007ee310000, 0x00000007ee31e2b0, 0x00000007ee3d0000)
  to   space 768K,   0% used [0x00000007ee250000, 0x00000007ee250000, 0x00000007ee310000)
 tenured generation   total 15896K, used 13067K [0x00000007f2200000, 0x00000007f3186000, 0x00000007fae00000)
   the space 15896K,  82% used [0x00000007f2200000, 0x00000007f2ec2f58, 0x00000007f2ec3000, 0x00000007f3186000)
 compacting perm gen  total 21248K, used 13427K [0x00000007fae00000, 0x00000007fc2c0000, 0x0000000800000000)
   the space 21248K,  63% used [0x00000007fae00000, 0x00000007fbb1cc68, 0x00000007fbb1ce00, 0x00000007fc2c0000)
No shared spaces configured.
Event: 8.708 GC heap after
Heap after GC invocations=39 (full 1):
 def new generation   total 7232K, used 55K [0x00000007edc00000, 0x00000007ee3d0000, 0x00000007f2200000)
  eden space 6464K,   0% used [0x00000007edc00000, 0x00000007edc00000, 0x00000007ee250000)
  from space 768K,   7% used [0x00000007ee250000, 0x00000007ee25de40, 0x00000007ee310000)
  to   space 768K,   0% used [0x00000007ee310000, 0x00000007ee310000, 0x00000007ee3d0000)
 tenured generation   total 15896K, used 13067K [0x00000007f2200000, 0x00000007f3186000, 0x00000007fae00000)
   the space 15896K,  82% used [0x00000007f2200000, 0x00000007f2ec2fa0, 0x00000007f2ec3000, 0x00000007f3186000)
 compacting perm gen  total 21248K, used 13427K [0x00000007fae00000, 0x00000007fc2c0000, 0x0000000800000000)
   the space 21248K,  63% used [0x00000007fae00000, 0x00000007fbb1cc68, 0x00000007fbb1ce00, 0x00000007fc2c0000)
No shared spaces configured.
}
Event: 8.861 GC heap before
{Heap before GC invocations=39 (full 1):
 def new generation   total 7232K, used 6519K [0x00000007edc00000, 0x00000007ee3d0000, 0x00000007f2200000)
  eden space 6464K, 100% used [0x00000007edc00000, 0x00000007ee250000, 0x00000007ee250000)
  from space 768K,   7% used [0x00000007ee250000, 0x00000007ee25de40, 0x00000007ee310000)
  to   space 768K,   0% used [0x00000007ee310000, 0x00000007ee310000, 0x00000007ee3d0000)
 tenured generation   total 15896K, used 13067K [0x00000007f2200000, 0x00000007f3186000, 0x00000007fae00000)
   the space 15896K,  82% used [0x00000007f2200000, 0x00000007f2ec2fa0, 0x00000007f2ec3000, 0x00000007f3186000)
 compacting perm gen  total 21248K, used 13429K [0x00000007fae00000, 0x00000007fc2c0000, 0x0000000800000000)
   the space 21248K,  63% used [0x00000007fae00000, 0x00000007fbb1d428, 0x00000007fbb1d600, 0x00000007fc2c0000)
No shared spaces configured.
Event: 8.861 GC heap after
Heap after GC invocations=40 (full 1):
 def new generation   total 7232K, used 54K [0x00000007edc00000, 0x00000007ee3d0000, 0x00000007f2200000)
  eden space 6464K,   0% used [0x00000007edc00000, 0x00000007edc00000, 0x00000007ee250000)
  from space 768K,   7% used [0x00000007ee310000, 0x00000007ee31da70, 0x00000007ee3d0000)
  to   space 768K,   0% used [0x00000007ee250000, 0x00000007ee250000, 0x00000007ee310000)
 tenured generation   total 15896K, used 13068K [0x00000007f2200000, 0x00000007f3186000, 0x00000007fae00000)
   the space 15896K,  82% used [0x00000007f2200000, 0x00000007f2ec3128, 0x00000007f2ec3200, 0x00000007f3186000)
 compacting perm gen  total 21248K, used 13429K [0x00000007fae00000, 0x00000007fc2c0000, 0x0000000800000000)
   the space 21248K,  63% used [0x00000007fae00000, 0x00000007fbb1d428, 0x00000007fbb1d600, 0x00000007fc2c0000)
No shared spaces configured.
}
Event: 9.150 GC heap before
{Heap before GC invocations=40 (full 1):
 def new generation   total 7232K, used 6392K [0x00000007edc00000, 0x00000007ee3d0000, 0x00000007f2200000)
  eden space 6464K,  98% used [0x00000007edc00000, 0x00000007ee2306a0, 0x00000007ee250000)
  from space 768K,   7% used [0x00000007ee310000, 0x00000007ee31da70, 0x00000007ee3d0000)
  to   space 768K,   0% used [0x00000007ee250000, 0x00000007ee250000, 0x00000007ee310000)
 tenured generation   total 15896K, used 13068K [0x00000007f2200000, 0x00000007f3186000, 0x00000007fae00000)
   the space 15896K,  82% used [0x00000007f2200000, 0x00000007f2ec3128, 0x00000007f2ec3200, 0x00000007f3186000)
 compacting perm gen  total 21248K, used 15222K [0x00000007fae00000, 0x00000007fc2c0000, 0x0000000800000000)
   the space 21248K,  71% used [0x00000007fae00000, 0x00000007fbcdd898, 0x00000007fbcdda00, 0x00000007fc2c0000)
No shared spaces configured.
Event: 9.154 GC heap after
Heap after GC invocations=41 (full 1):
 def new generation   total 7232K, used 579K [0x00000007edc00000, 0x00000007ee3d0000, 0x00000007f2200000)
  eden space 6464K,   0% used [0x00000007edc00000, 0x00000007edc00000, 0x00000007ee250000)
  from space 768K,  75% used [0x00000007ee250000, 0x00000007ee2e0ed8, 0x00000007ee310000)
  to   space 768K,   0% used [0x00000007ee310000, 0x00000007ee310000, 0x00000007ee3d0000)
 tenured generation   total 15896K, used 13068K [0x00000007f2200000, 0x00000007f3186000, 0x00000007fae00000)
   the space 15896K,  82% used [0x00000007f2200000, 0x00000007f2ec31e0, 0x00000007f2ec3200, 0x00000007f3186000)
 compacting perm gen  total 21248K, used 15222K [0x00000007fae00000, 0x00000007fc2c0000, 0x0000000800000000)
   the space 21248K,  71% used [0x00000007fae00000, 0x00000007fbcdd898, 0x00000007fbcdda00, 0x00000007fc2c0000)
No shared spaces configured.
}
Event: 9.335 GC heap before
{Heap before GC invocations=41 (full 1):
 def new generation   total 7232K, used 7043K [0x00000007edc00000, 0x00000007ee3d0000, 0x00000007f2200000)
  eden space 6464K, 100% used [0x00000007edc00000, 0x00000007ee250000, 0x00000007ee250000)
  from space 768K,  75% used [0x00000007ee250000, 0x00000007ee2e0ed8, 0x00000007ee310000)
  to   space 768K,   0% used [0x00000007ee310000, 0x00000007ee310000, 0x00000007ee3d0000)
 tenured generation   total 15896K, used 13068K [0x00000007f2200000, 0x00000007f3186000, 0x00000007fae00000)
   the space 15896K,  82% used [0x00000007f2200000, 0x00000007f2ec31e0, 0x00000007f2ec3200, 0x00000007f3186000)
 compacting perm gen  total 21248K, used 15588K [0x00000007fae00000, 0x00000007fc2c0000, 0x0000000800000000)
   the space 21248K,  73% used [0x00000007fae00000, 0x00000007fbd39188, 0x00000007fbd39200, 0x00000007fc2c0000)
No shared spaces configured.
Event: 9.380 GC heap after
Heap after GC invocations=42 (full 2):
 def new generation   total 12544K, used 0K [0x00000007edc00000, 0x00000007ee990000, 0x00000007f2200000)
  eden space 11200K,   0% used [0x00000007edc00000, 0x00000007edc00000, 0x00000007ee6f0000)
  from space 1344K,   0% used [0x00000007ee6f0000, 0x00000007ee6f0000, 0x00000007ee840000)
  to   space 1344K,   0% used [0x00000007ee840000, 0x00000007ee840000, 0x00000007ee990000)
 tenured generation   total 27692K, used 16615K [0x00000007f2200000, 0x00000007f3d0b000, 0x00000007fae00000)
   the space 27692K,  59% used [0x00000007f2200000, 0x00000007f3239c18, 0x00000007f3239e00, 0x00000007f3d0b000)
 compacting perm gen  total 21248K, used 15588K [0x00000007fae00000, 0x00000007fc2c0000, 0x0000000800000000)
   the space 21248K,  73% used [0x00000007fae00000, 0x00000007fbd39188, 0x00000007fbd39200, 0x00000007fc2c0000)
No shared spaces configured.
}

Deoptimization events (10 events):
Event: 9.150 Thread 0x00007fa13185e000 Uncommon trap -58 fr.pc 0x000000010f339ae4
Event: 9.155 Thread 0x00007fa13185e000 Uncommon trap -58 fr.pc 0x000000010f339ae4
Event: 9.155 Thread 0x00007fa13185e000 Uncommon trap -58 fr.pc 0x000000010f328750
Event: 9.208 Thread 0x00007fa1320f3000 Uncommon trap -83 fr.pc 0x000000010f3658a0
Event: 9.456 Thread 0x00007fa13185e000 Uncommon trap -58 fr.pc 0x000000010f339ae4
Event: 9.456 Thread 0x00007fa13185e000 Uncommon trap -58 fr.pc 0x000000010f328750
Event: 9.495 Thread 0x00007fa131ba9800 Uncommon trap -28 fr.pc 0x000000010f36c318
Event: 9.645 Thread 0x00007fa1320f3000 Uncommon trap -34 fr.pc 0x000000010f31ea40
Event: 9.652 Thread 0x00007fa1320f3000 Uncommon trap -122 fr.pc 0x000000010f37ca90
Event: 9.652 Thread 0x00007fa1320f3000 Uncommon trap -83 fr.pc 0x000000010f35fad8

Internal exceptions (10 events):
Event: 4.467 Thread 0x00007fa1320f3000 Threw 0x00000007edf34bd8 at /HUDSON/workspace/jdk7u21-2-build-macosx-amd64-product/jdk7u21/hotspot/src/share/vm/prims/jvm.cpp:1166
Event: 4.468 Thread 0x00007fa1320f3000 Threw 0x00000007edf370a0 at /HUDSON/workspace/jdk7u21-2-build-macosx-amd64-product/jdk7u21/hotspot/src/share/vm/prims/jvm.cpp:1166
Event: 4.468 Thread 0x00007fa1320f3000 Threw 0x00000007edf398c0 at /HUDSON/workspace/jdk7u21-2-build-macosx-amd64-product/jdk7u21/hotspot/src/share/vm/prims/jvm.cpp:1166
Event: 4.469 Thread 0x00007fa1320f3000 Threw 0x00000007edf3bcd8 at /HUDSON/workspace/jdk7u21-2-build-macosx-amd64-product/jdk7u21/hotspot/src/share/vm/prims/jvm.cpp:1166
Event: 4.482 Thread 0x00007fa1320f3000 Threw 0x00000007edfa2f08 at /HUDSON/workspace/jdk7u21-2-build-macosx-amd64-product/jdk7u21/hotspot/src/share/vm/prims/jvm.cpp:1166
Event: 4.571 Thread 0x00007fa1320f3000 Implicit null exception at 0x000000010f2d8e8c to 0x000000010f2d9bc9
Event: 7.792 Thread 0x00007fa1320f3000 Implicit null exception at 0x000000010f338c3f to 0x000000010f338dcd
Event: 7.793 Thread 0x00007fa1320f3000 Implicit null exception at 0x000000010f31d58c to 0x000000010f31d621
Event: 9.039 Thread 0x00007fa1320f3000 Implicit null exception at 0x000000010f3162fb to 0x000000010f31677d
Event: 9.208 Thread 0x00007fa1320f3000 Implicit null exception at 0x000000010f365796 to 0x000000010f36588d

Events (10 events):
Event: 9.646 loading class 0x00007fa130c6a360
Event: 9.646 loading class 0x00007fa130c6a360 done
Event: 9.647 loading class 0x00007fa130c6a620
Event: 9.647 loading class 0x00007fa130c6a620 done
Event: 9.647 loading class 0x00007fa130c6a5a0
Event: 9.647 loading class 0x00007fa130c6a5a0 done
Event: 9.652 Thread 0x00007fa1320f3000 DEOPT PACKING pc=0x000000010f37ca90 sp=0x0000000117bf55f0
Event: 9.652 Thread 0x00007fa1320f3000 DEOPT UNPACKING pc=0x000000010f246145 sp=0x0000000117bf55a8 mode 2
Event: 9.652 Thread 0x00007fa1320f3000 DEOPT PACKING pc=0x000000010f35fad8 sp=0x0000000117bf5190
Event: 9.652 Thread 0x00007fa1320f3000 DEOPT UNPACKING pc=0x000000010f246145 sp=0x0000000117bf5178 mode 2


Dynamic libraries:
0x00000000025eb000 	/System/Library/Frameworks/Cocoa.framework/Versions/A/Cocoa
0x00000000025eb000 	/System/Library/Frameworks/Security.framework/Versions/A/Security
0x00000000025eb000 	/System/Library/Frameworks/ApplicationServices.framework/Versions/A/ApplicationServices
0x00000000025eb000 	/usr/lib/libz.1.dylib
0x00000000025eb000 	/usr/lib/libSystem.B.dylib
0x00000000025eb000 	/usr/lib/libobjc.A.dylib
0x00000000025eb000 	/System/Library/Frameworks/CoreFoundation.framework/Versions/A/CoreFoundation
0x00000000025eb000 	/System/Library/Frameworks/AppKit.framework/Versions/C/AppKit
0x00000000025eb000 	/System/Library/Frameworks/CoreData.framework/Versions/A/CoreData
0x00000000025eb000 	/System/Library/Frameworks/Foundation.framework/Versions/C/Foundation
0x00000000025eb000 	/System/Library/PrivateFrameworks/RemoteViewServices.framework/Versions/A/RemoteViewServices
0x00000000025eb000 	/System/Library/Frameworks/AudioToolbox.framework/Versions/A/AudioToolbox
0x00000000025eb000 	/System/Library/Frameworks/AudioUnit.framework/Versions/A/AudioUnit
0x00000000025eb000 	/System/Library/PrivateFrameworks/DataDetectorsCore.framework/Versions/A/DataDetectorsCore
0x00000000025eb000 	/System/Library/PrivateFrameworks/DesktopServicesPriv.framework/Versions/A/DesktopServicesPriv
0x00000000025eb000 	/System/Library/Frameworks/Carbon.framework/Versions/A/Frameworks/HIToolbox.framework/Versions/A/HIToolbox
0x00000000025eb000 	/System/Library/Frameworks/QuartzCore.framework/Versions/A/QuartzCore
0x00000000025eb000 	/System/Library/Frameworks/Carbon.framework/Versions/A/Frameworks/SpeechRecognition.framework/Versions/A/SpeechRecognition
0x00000000025eb000 	/usr/lib/libauto.dylib
0x00000000025eb000 	/usr/lib/libicucore.A.dylib
0x00000000025eb000 	/usr/lib/libxml2.2.dylib
0x00000000025eb000 	/System/Library/PrivateFrameworks/CoreUI.framework/Versions/A/CoreUI
0x00000000025eb000 	/System/Library/Frameworks/CoreAudio.framework/Versions/A/CoreAudio
0x00000000025eb000 	/System/Library/Frameworks/DiskArbitration.framework/Versions/A/DiskArbitration
0x00000000025eb000 	/usr/lib/liblangid.dylib
0x00000000025eb000 	/System/Library/PrivateFrameworks/MultitouchSupport.framework/Versions/A/MultitouchSupport
0x00000000025eb000 	/System/Library/Frameworks/IOKit.framework/Versions/A/IOKit
0x00000000025eb000 	/usr/lib/libDiagnosticMessagesClient.dylib
0x00000000025eb000 	/System/Library/Frameworks/CoreServices.framework/Versions/A/CoreServices
0x00000000025eb000 	/System/Library/PrivateFrameworks/PerformanceAnalysis.framework/Versions/A/PerformanceAnalysis
0x00000000025eb000 	/System/Library/PrivateFrameworks/GenerationalStorage.framework/Versions/A/GenerationalStorage
0x00000000025eb000 	/System/Library/Frameworks/OpenGL.framework/Versions/A/OpenGL
0x00000000025eb000 	/System/Library/PrivateFrameworks/Sharing.framework/Versions/A/Sharing
0x00000000025eb000 	/System/Library/Frameworks/ImageIO.framework/Versions/A/ImageIO
0x00000000025eb000 	/System/Library/Frameworks/CoreText.framework/Versions/A/CoreText
0x00000000025eb000 	/System/Library/Frameworks/CoreGraphics.framework/Versions/A/CoreGraphics
0x00000000025eb000 	/System/Library/PrivateFrameworks/Backup.framework/Versions/A/Backup
0x00000000025eb000 	/System/Library/Frameworks/CFNetwork.framework/Versions/A/CFNetwork
0x00000000025eb000 	/System/Library/Frameworks/SystemConfiguration.framework/Versions/A/SystemConfiguration
0x00000000025eb000 	/usr/lib/libCRFSuite.dylib
0x00000000025eb000 	/usr/lib/libc++.1.dylib
0x00000000025eb000 	/usr/lib/libc++abi.dylib
0x00000000025eb000 	/usr/lib/system/libcache.dylib
0x00000000025eb000 	/usr/lib/system/libcommonCrypto.dylib
0x00000000025eb000 	/usr/lib/system/libcompiler_rt.dylib
0x00000000025eb000 	/usr/lib/system/libcopyfile.dylib
0x00000000025eb000 	/usr/lib/system/libcorecrypto.dylib
0x00000000025eb000 	/usr/lib/system/libdispatch.dylib
0x00000000025eb000 	/usr/lib/system/libdyld.dylib
0x00000000025eb000 	/usr/lib/system/libkeymgr.dylib
0x00000000025eb000 	/usr/lib/system/liblaunch.dylib
0x00000000025eb000 	/usr/lib/system/libmacho.dylib
0x00000000025eb000 	/usr/lib/system/libquarantine.dylib
0x00000000025eb000 	/usr/lib/system/libremovefile.dylib
0x00000000025eb000 	/usr/lib/system/libsystem_asl.dylib
0x00000000025eb000 	/usr/lib/system/libsystem_blocks.dylib
0x00000000025eb000 	/usr/lib/system/libsystem_c.dylib
0x00000000025eb000 	/usr/lib/system/libsystem_configuration.dylib
0x00000000025eb000 	/usr/lib/system/libsystem_dnssd.dylib
0x00000000025eb000 	/usr/lib/system/libsystem_info.dylib
0x00000000025eb000 	/usr/lib/system/libsystem_kernel.dylib
0x00000000025eb000 	/usr/lib/system/libsystem_m.dylib
0x00000000025eb000 	/usr/lib/system/libsystem_malloc.dylib
0x00000000025eb000 	/usr/lib/system/libsystem_network.dylib
0x00000000025eb000 	/usr/lib/system/libsystem_notify.dylib
0x00000000025eb000 	/usr/lib/system/libsystem_platform.dylib
0x00000000025eb000 	/usr/lib/system/libsystem_pthread.dylib
0x00000000025eb000 	/usr/lib/system/libsystem_sandbox.dylib
0x00000000025eb000 	/usr/lib/system/libsystem_stats.dylib
0x00000000025eb000 	/usr/lib/system/libunc.dylib
0x00000000025eb000 	/usr/lib/system/libunwind.dylib
0x00000000025eb000 	/usr/lib/system/libxpc.dylib
0x00000000025eb000 	/usr/lib/libbsm.0.dylib
0x00000000025eb000 	/usr/lib/libsqlite3.dylib
0x00000000025eb000 	/usr/lib/libxar.1.dylib
0x00000000025eb000 	/usr/lib/libpam.2.dylib
0x00000000025eb000 	/usr/lib/libOpenScriptingUtil.dylib
0x00000000025eb000 	/usr/lib/libbz2.1.0.dylib
0x00000000025eb000 	/System/Library/Frameworks/CoreServices.framework/Versions/A/Frameworks/CarbonCore.framework/Versions/A/CarbonCore
0x00000000025eb000 	/System/Library/Frameworks/CoreServices.framework/Versions/A/Frameworks/Metadata.framework/Versions/A/Metadata
0x00000000025eb000 	/System/Library/Frameworks/CoreServices.framework/Versions/A/Frameworks/OSServices.framework/Versions/A/OSServices
0x00000000025eb000 	/System/Library/Frameworks/CoreServices.framework/Versions/A/Frameworks/SearchKit.framework/Versions/A/SearchKit
0x00000000025eb000 	/System/Library/Frameworks/CoreServices.framework/Versions/A/Frameworks/AE.framework/Versions/A/AE
0x00000000025eb000 	/System/Library/Frameworks/CoreServices.framework/Versions/A/Frameworks/LaunchServices.framework/Versions/A/LaunchServices
0x00000000025eb000 	/System/Library/Frameworks/CoreServices.framework/Versions/A/Frameworks/DictionaryServices.framework/Versions/A/DictionaryServices
0x00000000025eb000 	/System/Library/Frameworks/NetFS.framework/Versions/A/NetFS
0x00000000025eb000 	/usr/lib/system/libkxld.dylib
0x00000000025eb000 	/System/Library/PrivateFrameworks/NetAuth.framework/Versions/A/NetAuth
0x00000000025eb000 	/System/Library/PrivateFrameworks/TCC.framework/Versions/A/TCC
0x00000000025eb000 	/System/Library/Frameworks/OpenDirectory.framework/Versions/A/Frameworks/CFOpenDirectory.framework/Versions/A/CFOpenDirectory
0x00000000025eb000 	/System/Library/Frameworks/ServiceManagement.framework/Versions/A/ServiceManagement
0x00000000025eb000 	/usr/lib/libxslt.1.dylib
0x00000000025eb000 	/System/Library/Frameworks/Carbon.framework/Versions/A/Frameworks/Ink.framework/Versions/A/Ink
0x00000000025eb000 	/System/Library/Frameworks/ApplicationServices.framework/Versions/A/Frameworks/ATS.framework/Versions/A/ATS
0x00000000025eb000 	/System/Library/Frameworks/ApplicationServices.framework/Versions/A/Frameworks/ColorSync.framework/Versions/A/ColorSync
0x00000000025eb000 	/System/Library/Frameworks/ApplicationServices.framework/Versions/A/Frameworks/HIServices.framework/Versions/A/HIServices
0x00000000025eb000 	/System/Library/Frameworks/ApplicationServices.framework/Versions/A/Frameworks/LangAnalysis.framework/Versions/A/LangAnalysis
0x00000000025eb000 	/System/Library/Frameworks/ApplicationServices.framework/Versions/A/Frameworks/PrintCore.framework/Versions/A/PrintCore
0x00000000025eb000 	/System/Library/Frameworks/ApplicationServices.framework/Versions/A/Frameworks/QD.framework/Versions/A/QD
0x00000000025eb000 	/System/Library/Frameworks/ApplicationServices.framework/Versions/A/Frameworks/SpeechSynthesis.framework/Versions/A/SpeechSynthesis
0x00000000025eb000 	/System/Library/Frameworks/IOSurface.framework/Versions/A/IOSurface
0x00000000025eb000 	/System/Library/Frameworks/Accelerate.framework/Versions/A/Accelerate
0x00000000025eb000 	/System/Library/Frameworks/Accelerate.framework/Versions/A/Frameworks/vImage.framework/Versions/A/vImage
0x00000000025eb000 	/System/Library/Frameworks/Accelerate.framework/Versions/A/Frameworks/vecLib.framework/Versions/A/vecLib
0x00000000025eb000 	/System/Library/Frameworks/Accelerate.framework/Versions/A/Frameworks/vecLib.framework/Versions/A/libvDSP.dylib
0x00000000025eb000 	/System/Library/Frameworks/Accelerate.framework/Versions/A/Frameworks/vecLib.framework/Versions/A/libvMisc.dylib
0x00000000025eb000 	/System/Library/Frameworks/Accelerate.framework/Versions/A/Frameworks/vecLib.framework/Versions/A/libLAPACK.dylib
0x00000000025eb000 	/System/Library/Frameworks/Accelerate.framework/Versions/A/Frameworks/vecLib.framework/Versions/A/libBLAS.dylib
0x00000000025eb000 	/System/Library/Frameworks/ApplicationServices.framework/Versions/A/Frameworks/ATS.framework/Versions/A/Resources/libFontParser.dylib
0x00000000025eb000 	/System/Library/Frameworks/ApplicationServices.framework/Versions/A/Frameworks/ATS.framework/Versions/A/Resources/libFontRegistry.dylib
0x00000000025eb000 	/System/Library/Frameworks/ImageIO.framework/Versions/A/Resources/libJPEG.dylib
0x00000000025eb000 	/System/Library/Frameworks/ImageIO.framework/Versions/A/Resources/libTIFF.dylib
0x00000000025eb000 	/System/Library/Frameworks/ImageIO.framework/Versions/A/Resources/libPng.dylib
0x00000000025eb000 	/System/Library/Frameworks/ImageIO.framework/Versions/A/Resources/libGIF.dylib
0x00000000025eb000 	/System/Library/Frameworks/ImageIO.framework/Versions/A/Resources/libJP2.dylib
0x00000000025eb000 	/System/Library/Frameworks/ImageIO.framework/Versions/A/Resources/libRadiance.dylib
0x00000000025eb000 	/usr/lib/libcups.2.dylib
0x00000000025eb000 	/System/Library/Frameworks/Kerberos.framework/Versions/A/Kerberos
0x00000000025eb000 	/System/Library/Frameworks/GSS.framework/Versions/A/GSS
0x00000000025eb000 	/usr/lib/libresolv.9.dylib
0x00000000025eb000 	/usr/lib/libiconv.2.dylib
0x00000000025eb000 	/System/Library/PrivateFrameworks/Heimdal.framework/Versions/A/Heimdal
0x00000000025eb000 	/System/Library/PrivateFrameworks/TrustEvaluationAgent.framework/Versions/A/TrustEvaluationAgent
0x00000000025eb000 	/usr/lib/libheimdal-asn1.dylib
0x00000000025eb000 	/System/Library/Frameworks/OpenDirectory.framework/Versions/A/OpenDirectory
0x00000000025eb000 	/System/Library/PrivateFrameworks/CommonAuth.framework/Versions/A/CommonAuth
0x00000000025eb000 	/System/Library/Frameworks/SecurityFoundation.framework/Versions/A/SecurityFoundation
0x00000000025eb000 	/System/Library/PrivateFrameworks/Bom.framework/Versions/A/Bom
0x00000000025eb000 	/System/Library/Frameworks/CoreVideo.framework/Versions/A/CoreVideo
0x00000000025eb000 	/System/Library/Frameworks/QuartzCore.framework/Versions/A/Frameworks/CoreImage.framework/Versions/A/CoreImage
0x00000000025eb000 	/System/Library/Frameworks/QuartzCore.framework/Versions/A/Frameworks/ScalableUserInterface.framework/Versions/A/ScalableUserInterface
0x00000000025eb000 	/System/Library/Frameworks/OpenGL.framework/Versions/A/Libraries/libGLU.dylib
0x00000000025eb000 	/System/Library/Frameworks/OpenGL.framework/Versions/A/Libraries/libGFXShared.dylib
0x00000000025eb000 	/System/Library/Frameworks/OpenGL.framework/Versions/A/Libraries/libGL.dylib
0x00000000025eb000 	/System/Library/Frameworks/OpenGL.framework/Versions/A/Libraries/libGLImage.dylib
0x00000000025eb000 	/System/Library/Frameworks/OpenGL.framework/Versions/A/Libraries/libCVMSPluginSupport.dylib
0x00000000025eb000 	/System/Library/Frameworks/OpenGL.framework/Versions/A/Libraries/libCoreVMClient.dylib
0x00000000025eb000 	/System/Library/PrivateFrameworks/FaceCore.framework/Versions/A/FaceCore
0x00000000025eb000 	/System/Library/PrivateFrameworks/CrashReporterSupport.framework/Versions/A/CrashReporterSupport
0x00000000025eb000 	/System/Library/Frameworks/OpenCL.framework/Versions/A/OpenCL
0x00000000025eb000 	/System/Library/PrivateFrameworks/AppleFSCompression.framework/Versions/A/AppleFSCompression
0x00000000025eb000 	/System/Library/PrivateFrameworks/Ubiquity.framework/Versions/A/Ubiquity
0x00000000025eb000 	/System/Library/PrivateFrameworks/IconServices.framework/Versions/A/IconServices
0x00000000025eb000 	/System/Library/PrivateFrameworks/ChunkingLibrary.framework/Versions/A/ChunkingLibrary
0x00000000025eb000 	/System/Library/PrivateFrameworks/CoreSymbolication.framework/Versions/A/CoreSymbolication
0x00000000025eb000 	/System/Library/PrivateFrameworks/Symbolication.framework/Versions/A/Symbolication
0x00000000025eb000 	/System/Library/PrivateFrameworks/DebugSymbols.framework/Versions/A/DebugSymbols
0x000000010e613000 	/Library/Java/JavaVirtualMachines/jdk1.7.0_21.jdk/Contents/Home/jre/lib/server/libjvm.dylib
0x00000000025eb000 	/usr/lib/libstdc++.6.dylib
0x000000010f1bf000 	/Library/Java/JavaVirtualMachines/jdk1.7.0_21.jdk/Contents/Home/jre/lib/libverify.dylib
0x000000010f1cc000 	/Library/Java/JavaVirtualMachines/jdk1.7.0_21.jdk/Contents/Home/jre/lib/libjava.dylib
0x000000010f204000 	/Library/Java/JavaVirtualMachines/jdk1.7.0_21.jdk/Contents/Home/jre/lib/libzip.dylib
0x000000011295d000 	/System/Library/Frameworks/JavaVM.framework/Frameworks/JavaRuntimeSupport.framework/JavaRuntimeSupport
0x0000000112975000 	/System/Library/Frameworks/JavaVM.framework/Versions/A/Frameworks/JavaNativeFoundation.framework/Versions/A/JavaNativeFoundation
0x0000000112989000 	/System/Library/Frameworks/JavaVM.framework/Versions/A/JavaVM
0x00000000025eb000 	/System/Library/Frameworks/Carbon.framework/Versions/A/Carbon
0x0000000112995000 	/System/Library/PrivateFrameworks/JavaLaunching.framework/Versions/A/JavaLaunching
0x00000000025eb000 	/System/Library/Frameworks/Carbon.framework/Versions/A/Frameworks/CommonPanels.framework/Versions/A/CommonPanels
0x00000000025eb000 	/System/Library/Frameworks/Carbon.framework/Versions/A/Frameworks/Help.framework/Versions/A/Help
0x00000000025eb000 	/System/Library/Frameworks/Carbon.framework/Versions/A/Frameworks/ImageCapture.framework/Versions/A/ImageCapture
0x00000000025eb000 	/System/Library/Frameworks/Carbon.framework/Versions/A/Frameworks/OpenScripting.framework/Versions/A/OpenScripting
0x00000000025eb000 	/System/Library/Frameworks/Carbon.framework/Versions/A/Frameworks/Print.framework/Versions/A/Print
0x00000000025eb000 	/System/Library/Frameworks/Carbon.framework/Versions/A/Frameworks/SecurityHI.framework/Versions/A/SecurityHI
0x0000000112ffe000 	/Library/Java/JavaVirtualMachines/jdk1.7.0_21.jdk/Contents/Home/jre/lib/libawt.dylib
0x00000001130ad000 	/Library/Java/JavaVirtualMachines/jdk1.7.0_21.jdk/Contents/Home/jre/lib/./libmlib_image.dylib
0x0000000113179000 	/Library/Java/JavaVirtualMachines/jdk1.7.0_21.jdk/Contents/Home/jre/lib/lwawt/liblwawt.dylib
0x000000011322b000 	/Library/Java/JavaVirtualMachines/jdk1.7.0_21.jdk/Contents/Home/jre/lib/libosxapp.dylib
0x00000000025eb000 	/System/Library/Frameworks/ExceptionHandling.framework/Versions/A/ExceptionHandling
0x00000000025eb000 	/System/Library/PrivateFrameworks/CoreServicesInternal.framework/Versions/A/CoreServicesInternal
0x00000000025eb000 	/System/Library/PrivateFrameworks/Librarian.framework/Versions/A/Librarian
0x00000000025eb000 	/System/Library/Frameworks/CoreGraphics.framework/Versions/A/Resources/libCGCMS.A.dylib
0x00000000025eb000 	/System/Library/Frameworks/CoreGraphics.framework/Versions/A/Resources/libRIP.A.dylib
0x00000000025eb000 	/System/Library/Frameworks/CoreGraphics.framework/Versions/A/Resources/libCGXType.A.dylib
0x00000000025eb000 	/System/Library/PrivateFrameworks/FamilyControls.framework/Versions/A/FamilyControls
0x00000000025eb000 	/System/Library/PrivateFrameworks/CommerceKit.framework/Versions/A/Frameworks/CommerceCore.framework/Versions/A/CommerceCore
0x00000000025eb000 	/System/Library/PrivateFrameworks/SystemAdministration.framework/Versions/A/SystemAdministration
0x00000000025eb000 	/System/Library/Frameworks/DirectoryService.framework/Versions/A/DirectoryService
0x00000000025eb000 	/System/Library/PrivateFrameworks/DiskImages.framework/Versions/A/DiskImages
0x00000000025eb000 	/System/Library/PrivateFrameworks/LoginUIKit.framework/Versions/A/Frameworks/LoginUICore.framework/Versions/A/LoginUICore
0x00000000025eb000 	/usr/lib/libCoreStorage.dylib
0x00000000025eb000 	/usr/lib/libcsfde.dylib
0x00000000025eb000 	/usr/lib/libodfde.dylib
0x00000000025eb000 	/System/Library/Frameworks/DiscRecording.framework/Versions/A/DiscRecording
0x00000000025eb000 	/usr/lib/libcurl.4.dylib
0x00000000025eb000 	/System/Library/PrivateFrameworks/MediaKit.framework/Versions/A/MediaKit
0x00000000025eb000 	/System/Library/PrivateFrameworks/EFILogin.framework/Versions/A/EFILogin
0x00000000025eb000 	/usr/lib/libutil.dylib
0x00000000025eb000 	/System/Library/PrivateFrameworks/AOSNotification.framework/Versions/A/AOSNotification
0x00000000025eb000 	/System/Library/Frameworks/LDAP.framework/Versions/A/LDAP
0x00000000025eb000 	/usr/lib/libsasl2.2.dylib
0x00000000025eb000 	/usr/lib/libcrypto.0.9.8.dylib
0x00000000025eb000 	/usr/lib/libssl.0.9.8.dylib
0x00000000025eb000 	/System/Library/Frameworks/OpenGL.framework/Versions/A/Resources/GLEngine.bundle/GLEngine
0x00000000025eb000 	/System/Library/Frameworks/OpenGL.framework/Versions/A/Libraries/libGLProgrammability.dylib
0x0000000000000000 	/System/Library/Extensions/AMDRadeonX3000GLDriver.bundle/Contents/MacOS/AMDRadeonX3000GLDriver
0x00000000025eb000 	/System/Library/PrivateFrameworks/IOAccelerator.framework/Versions/A/IOAccelerator
0x00000000025eb000 	/System/Library/PrivateFrameworks/GPUSupport.framework/Versions/A/Libraries/libGPUSupportMercury.dylib
0x0000000000000000 	/System/Library/Extensions/AppleIntelHD3000GraphicsGLDriver.bundle/Contents/MacOS/AppleIntelHD3000GraphicsGLDriver
0x000000011580e000 	/System/Library/PrivateFrameworks/GPUSupport.framework/Versions/A/Libraries/libGPUSupport.dylib
0x00000000025eb000 	/System/Library/Frameworks/OpenGL.framework/Versions/A/Resources/GLRendererFloat.bundle/GLRendererFloat
0x00000000025eb000 	/System/Library/Frameworks/OpenCL.framework/Versions/A/Libraries/libcldcpuengine.dylib
0x0000000117981000 	/Library/Java/JavaVirtualMachines/jdk1.7.0_21.jdk/Contents/Home/jre/lib/libfontmanager.dylib
0x00000001179eb000 	/Library/Java/JavaVirtualMachines/jdk1.7.0_21.jdk/Contents/Home/jre/lib/libosxui.dylib
0x0000000118c9e000 	/Library/Java/JavaVirtualMachines/jdk1.7.0_21.jdk/Contents/Home/jre/lib/libnet.dylib
0x0000000117c0f000 	/Library/Java/JavaVirtualMachines/jdk1.7.0_21.jdk/Contents/Home/jre/lib/libnio.dylib
0x0000000119354000 	cl_kernels
0x00000001197f8000 	/System/Library/Frameworks/OpenCL.framework/Versions/A/Libraries/ImageFormats/unorm8_bgra.dylib
0x00000001199b6000 	cl_kernels
0x00000000025eb000 	/System/Library/Frameworks/ApplicationServices.framework/Versions/A/Frameworks/ATS.framework/Versions/A/Resources/libTrueTypeScaler.dylib
0x000000011a930000 	/Library/Java/JavaVirtualMachines/jdk1.7.0_21.jdk/Contents/Home/jre/lib/libdcpr.dylib
0x000000011a0e0000 	/Library/Java/JavaVirtualMachines/jdk1.7.0_21.jdk/Contents/Home/jre/lib/libjpeg.dylib

VM Arguments:
jvm_args: -Dfile.encoding=UTF-8 -Djava.security.policy=applet.policy 
java_command: controller.VirtualTextbookJFrame
Launcher Type: SUN_STANDARD

Environment Variables:
PATH=/usr/bin:/bin:/usr/sbin:/sbin
LD_LIBRARY_PATH=/Library/Java/JavaVirtualMachines/jdk1.7.0_21.jdk/Contents/Home/jre/lib/amd64:/Library/Java/JavaVirtualMachines/jdk1.7.0_21.jdk/Contents/Home/jre/lib/i386:
SHELL=/bin/bash
DISPLAY=/tmp/launch-LdwcnM/org.macosforge.xquartz:0

Signal Handlers:
SIGSEGV: [libjvm.dylib+0x4a4e2d], sa_mask[0]=0xfffefeff, sa_flags=0x00000042
SIGBUS: [libjvm.dylib+0x4a4e2d], sa_mask[0]=0xfffefeff, sa_flags=0x00000042
SIGFPE: [libjvm.dylib+0x3b4729], sa_mask[0]=0xfffefeff, sa_flags=0x00000042
SIGPIPE: [libjvm.dylib+0x3b4729], sa_mask[0]=0xfffefeff, sa_flags=0x00000042
SIGXFSZ: [libjvm.dylib+0x3b4729], sa_mask[0]=0xfffefeff, sa_flags=0x00000042
SIGILL: [libjvm.dylib+0x3b4729], sa_mask[0]=0xfffefeff, sa_flags=0x00000042
SIGUSR1: SIG_DFL, sa_mask[0]=0x00000000, sa_flags=0x00000002
SIGUSR2: [libjvm.dylib+0x3b42c2], sa_mask[0]=0x00000004, sa_flags=0x00000042
SIGHUP: [libjvm.dylib+0x3b2523], sa_mask[0]=0xfffefeff, sa_flags=0x00000042
SIGINT: SIG_IGN, sa_mask[0]=0x00000000, sa_flags=0x00000000
SIGTERM: [libjvm.dylib+0x3b2523], sa_mask[0]=0xfffefeff, sa_flags=0x00000042
SIGQUIT: [libjvm.dylib+0x3b2523], sa_mask[0]=0xfffefeff, sa_flags=0x00000042


---------------  S Y S T E M  ---------------

OS:Bsduname:Darwin 13.0.0 Darwin Kernel Version 13.0.0: Thu Sep 19 22:22:27 PDT 2013; root:xnu-2422.1.72~6/RELEASE_X86_64 x86_64
rlimit: STACK 8192k, CORE 0k, NPROC 709, NOFILE 10240, AS infinity
load average:2.48 2.21 1.94

CPU:total 8 (4 cores per cpu, 2 threads per core) family 6 model 42 stepping 7, cmov, cx8, fxsr, mmx, sse, sse2, sse3, ssse3, sse4.1, sse4.2, popcnt, avx, ht, tsc, tscinvbit

Memory: 4k page, physical 853888k(213472k free)

/proc/meminfo:


vm_info: Java HotSpot(TM) 64-Bit Server VM (23.21-b01) for bsd-amd64 JRE (1.7.0_21-b12), built on Apr  7 2013 14:55:50 by "java_re" with gcc 4.2.1 (Based on Apple Inc. build 5658) (LLVM build 2336.11.00)

time: Thu Nov  7 10:39:58 2013
elapsed time: 9 seconds

